---------------------------------------------------------------
[ 2018-04-03T17:58:24+08:00 ] 192.168.2.187 192.168.2.187 GET /text/shebei/shebei_info.html
[ info ] 192.168.2.187:1235/text/shebei/shebei_info.html [运行时间：0.322902s][吞吐率：3.10req/s] [内存消耗：879.13kb] [文件加载：30]
[ info ] [ LANG ] D:\phpStudy\PHPTutorial\WWW\gdms\thinkphp\lang\zh-cn.php
[ info ] [ ROUTE ] array (
  'type' => 'module',
  'module' => 
  array (
    0 => 'text',
    1 => 'shebei',
    2 => 'shebei_info',
  ),
)
[ info ] [ HEADER ] array (
  'cookie' => 'PHPSESSID=61i1c8dn4eh15gi39f8vfs7j48; thinkphp_show_page_trace=0|0; admin_username=admin; UM_distinctid=162892109e54b8-04a3b8e448fab1-3a614f0b-1fa400-162892109e6799; CNZZDATA1264021086=1879853672-1522715111-%7C1522736883',
  'accept-language' => 'zh-CN,zh;q=0.9',
  'accept-encoding' => 'gzip, deflate',
  'accept' => 'text/html,application/xhtml+xml,application/xml;q=0.9,image/webp,image/apng,*/*;q=0.8',
  'user-agent' => 'Mozilla/5.0 (Windows NT 10.0; WOW64) AppleWebKit/537.36 (KHTML, like Gecko) Chrome/65.0.3325.181 Safari/537.36',
  'upgrade-insecure-requests' => '1',
  'connection' => 'close',
  'host' => '192.168.2.187:1235',
)
[ info ] [ PARAM ] array (
  '/text/shebei/shebei_info_html' => '',
)
[ info ] [ LOG ] INIT File
---------------------------------------------------------------
[ 2018-04-03T17:58:42+08:00 ] 192.168.2.187 192.168.2.187 GET /text/
[ info ] 192.168.2.187:1235/text/ [运行时间：0.015423s][吞吐率：64.84req/s] [内存消耗：878.75kb] [文件加载：30]
[ info ] [ LANG ] D:\phpStudy\PHPTutorial\WWW\gdms\thinkphp\lang\zh-cn.php
[ info ] [ ROUTE ] array (
  'type' => 'module',
  'module' => 
  array (
    0 => 'text',
    1 => NULL,
    2 => NULL,
  ),
)
[ info ] [ HEADER ] array (
  'cookie' => 'PHPSESSID=61i1c8dn4eh15gi39f8vfs7j48; thinkphp_show_page_trace=0|0; admin_username=admin; UM_distinctid=162892109e54b8-04a3b8e448fab1-3a614f0b-1fa400-162892109e6799; CNZZDATA1264021086=1879853672-1522715111-%7C1522736883',
  'accept-language' => 'zh-CN,zh;q=0.9',
  'accept-encoding' => 'gzip, deflate',
  'accept' => 'text/html,application/xhtml+xml,application/xml;q=0.9,image/webp,image/apng,*/*;q=0.8',
  'user-agent' => 'Mozilla/5.0 (Windows NT 10.0; WOW64) AppleWebKit/537.36 (KHTML, like Gecko) Chrome/65.0.3325.181 Safari/537.36',
  'upgrade-insecure-requests' => '1',
  'connection' => 'close',
  'host' => '192.168.2.187:1235',
)
[ info ] [ PARAM ] array (
  '/text/' => '',
)
[ info ] [ LOG ] INIT File
