---------------------------------------------------------------
[ 2018-06-11T08:32:46+08:00 ] 127.0.0.1 127.0.0.1 GET /
[ info ] 127.0.0.1:1235/ [运行时间：0.022721s][吞吐率：44.01req/s] [内存消耗：1,120.93kb] [文件加载：35]
[ info ] [ LANG ] D:\phpStudy\PHPTutorial\WWW\gdms\thinkphp\lang\zh-cn.php
[ info ] [ ROUTE ] array (
  'type' => 'module',
  'module' => 
  array (
    0 => '',
    1 => NULL,
    2 => NULL,
  ),
)
[ info ] [ HEADER ] array (
  'cookie' => 'UM_distinctid=162ae6e6f5f3b8-0697f14b30f5f-3a614f0b-1fa400-162ae6e6f613bd; CNZZDATA1264021086=1580631447-1523340068-%7C1523340068; admin_username=admin',
  'accept-language' => 'zh-CN,zh;q=0.9',
  'accept-encoding' => 'gzip, deflate, br',
  'accept' => 'text/html,application/xhtml+xml,application/xml;q=0.9,image/webp,image/apng,*/*;q=0.8',
  'user-agent' => 'Mozilla/5.0 (Windows NT 10.0; WOW64) AppleWebKit/537.36 (KHTML, like Gecko) Chrome/65.0.3325.181 Safari/537.36',
  'upgrade-insecure-requests' => '1',
  'connection' => 'close',
  'host' => '127.0.0.1:1235',
)
[ info ] [ PARAM ] array (
)
[ info ] [ RUN ] app\student\controller\Login->index[ D:\phpStudy\PHPTutorial\WWW\gdms\application\student\controller\Login.php ]
[ info ] [ SESSION ] INIT array (
  'id' => '',
  'var_session_id' => '',
  'prefix' => 'think',
  'type' => '',
  'auto_start' => true,
)
[ info ] [ VIEW ] D:\phpStudy\PHPTutorial\WWW\gdms\application/../template/student\login\index.html [ array (
  0 => 'action',
  1 => 'controller',
) ]
[ info ] [ LOG ] INIT File
---------------------------------------------------------------
[ 2018-06-11T08:32:50+08:00 ] 127.0.0.1 127.0.0.1 GET /teacher/login
[ info ] 127.0.0.1:1235/teacher/login [运行时间：0.021063s][吞吐率：47.48req/s] [内存消耗：1,124.66kb] [文件加载：35]
[ info ] [ LANG ] D:\phpStudy\PHPTutorial\WWW\gdms\thinkphp\lang\zh-cn.php
[ info ] [ ROUTE ] array (
  'type' => 'module',
  'module' => 
  array (
    0 => 'teacher',
    1 => 'Login',
    2 => 'index',
  ),
  'convert' => false,
)
[ info ] [ HEADER ] array (
  'cookie' => 'UM_distinctid=162ae6e6f5f3b8-0697f14b30f5f-3a614f0b-1fa400-162ae6e6f613bd; CNZZDATA1264021086=1580631447-1523340068-%7C1523340068; admin_username=admin; PHPSESSID=2elolh09beq022fqvk8vfbjafi',
  'accept-language' => 'zh-CN,zh;q=0.9',
  'accept-encoding' => 'gzip, deflate, br',
  'referer' => 'http://127.0.0.1:1235/',
  'accept' => 'text/html,application/xhtml+xml,application/xml;q=0.9,image/webp,image/apng,*/*;q=0.8',
  'user-agent' => 'Mozilla/5.0 (Windows NT 10.0; WOW64) AppleWebKit/537.36 (KHTML, like Gecko) Chrome/65.0.3325.181 Safari/537.36',
  'upgrade-insecure-requests' => '1',
  'connection' => 'close',
  'host' => '127.0.0.1:1235',
)
[ info ] [ PARAM ] array (
  '/teacher/login' => '',
)
[ info ] [ RUN ] app\teacher\controller\Login->index[ D:\phpStudy\PHPTutorial\WWW\gdms\application\teacher\controller\Login.php ]
[ info ] [ SESSION ] INIT array (
  'id' => '',
  'var_session_id' => '',
  'prefix' => 'think',
  'type' => '',
  'auto_start' => true,
)
[ info ] [ VIEW ] D:\phpStudy\PHPTutorial\WWW\gdms\application/../template/teacher\login\index.html [ array (
  0 => 'action',
  1 => 'controller',
) ]
[ info ] [ LOG ] INIT File
---------------------------------------------------------------
[ 2018-06-11T08:32:53+08:00 ] 127.0.0.1 127.0.0.1 POST /teacher/do_login
[ info ] 127.0.0.1:1235/teacher/do_login [运行时间：0.080310s][吞吐率：12.45req/s] [内存消耗：1,715.06kb] [文件加载：43]
[ info ] [ LANG ] D:\phpStudy\PHPTutorial\WWW\gdms\thinkphp\lang\zh-cn.php
[ info ] [ ROUTE ] array (
  'type' => 'module',
  'module' => 
  array (
    0 => 'teacher',
    1 => 'Login',
    2 => 'do_login',
  ),
  'convert' => false,
)
[ info ] [ HEADER ] array (
  'cookie' => 'UM_distinctid=162ae6e6f5f3b8-0697f14b30f5f-3a614f0b-1fa400-162ae6e6f613bd; CNZZDATA1264021086=1580631447-1523340068-%7C1523340068; admin_username=admin; PHPSESSID=2elolh09beq022fqvk8vfbjafi',
  'accept-language' => 'zh-CN,zh;q=0.9',
  'accept-encoding' => 'gzip, deflate, br',
  'referer' => 'http://127.0.0.1:1235/teacher/login',
  'accept' => 'text/html,application/xhtml+xml,application/xml;q=0.9,image/webp,image/apng,*/*;q=0.8',
  'user-agent' => 'Mozilla/5.0 (Windows NT 10.0; WOW64) AppleWebKit/537.36 (KHTML, like Gecko) Chrome/65.0.3325.181 Safari/537.36',
  'content-type' => 'application/x-www-form-urlencoded',
  'upgrade-insecure-requests' => '1',
  'origin' => 'http://127.0.0.1:1235',
  'cache-control' => 'max-age=0',
  'content-length' => '33',
  'connection' => 'close',
  'host' => '127.0.0.1:1235',
)
[ info ] [ PARAM ] array (
  '/teacher/do_login' => '',
  'number' => '1555555555',
  'password' => '215405',
)
[ info ] [ RUN ] app\teacher\controller\Login->do_login[ D:\phpStudy\PHPTutorial\WWW\gdms\application\teacher\controller\Login.php ]
[ info ] [ DB ] INIT mysql
[ info ] [ SESSION ] INIT array (
  'id' => '',
  'var_session_id' => '',
  'prefix' => 'think',
  'type' => '',
  'auto_start' => true,
)
[ info ] [ LOG ] INIT File
[ sql ] [ DB ] CONNECT:[ UseTime:0.019235s ] mysql:host=127.0.0.1;dbname=gdms;charset=utf8
[ sql ] [ SQL ] SHOW COLUMNS FROM `gdms_user` [ RunTime:0.025233s ]
[ sql ] [ SQL ] SELECT * FROM `gdms_user` WHERE  `number` = 1555555555 LIMIT 1 [ RunTime:0.001898s ]
---------------------------------------------------------------
[ 2018-06-11T08:32:53+08:00 ] 127.0.0.1 127.0.0.1 GET /teacher/index
[ info ] 127.0.0.1:1235/teacher/index [运行时间：0.084742s][吞吐率：11.80req/s] [内存消耗：1,900.14kb] [文件加载：46]
[ info ] [ LANG ] D:\phpStudy\PHPTutorial\WWW\gdms\thinkphp\lang\zh-cn.php
[ info ] [ ROUTE ] array (
  'type' => 'module',
  'module' => 
  array (
    0 => 'teacher',
    1 => 'Index',
    2 => 'index',
  ),
  'convert' => false,
)
[ info ] [ HEADER ] array (
  'cookie' => 'UM_distinctid=162ae6e6f5f3b8-0697f14b30f5f-3a614f0b-1fa400-162ae6e6f613bd; CNZZDATA1264021086=1580631447-1523340068-%7C1523340068; admin_username=admin; PHPSESSID=2elolh09beq022fqvk8vfbjafi',
  'accept-language' => 'zh-CN,zh;q=0.9',
  'accept-encoding' => 'gzip, deflate, br',
  'referer' => 'http://127.0.0.1:1235/teacher/login',
  'accept' => 'text/html,application/xhtml+xml,application/xml;q=0.9,image/webp,image/apng,*/*;q=0.8',
  'user-agent' => 'Mozilla/5.0 (Windows NT 10.0; WOW64) AppleWebKit/537.36 (KHTML, like Gecko) Chrome/65.0.3325.181 Safari/537.36',
  'upgrade-insecure-requests' => '1',
  'cache-control' => 'max-age=0',
  'connection' => 'close',
  'host' => '127.0.0.1:1235',
)
[ info ] [ PARAM ] array (
  '/teacher/index' => '',
)
[ info ] [ SESSION ] INIT array (
  'id' => '',
  'var_session_id' => '',
  'prefix' => 'think',
  'type' => '',
  'auto_start' => true,
)
[ info ] [ RUN ] app\teacher\controller\Index->index[ D:\phpStudy\PHPTutorial\WWW\gdms\application\teacher\controller\Index.php ]
[ info ] [ DB ] INIT mysql
[ info ] [ VIEW ] D:\phpStudy\PHPTutorial\WWW\gdms\application/../template/teacher\index\index.html [ array (
  0 => 'user',
  1 => 'action',
  2 => 'controller',
  3 => 'message_list',
) ]
[ info ] [ LOG ] INIT File
[ sql ] [ DB ] CONNECT:[ UseTime:0.012074s ] mysql:host=127.0.0.1;dbname=gdms;charset=utf8
[ sql ] [ SQL ] SHOW COLUMNS FROM `gdms_message` [ RunTime:0.014118s ]
[ sql ] [ SQL ] SELECT * FROM ( SELECT * FROM `gdms_message` WHERE  `teacher_id` = 2  AND `type` = 1 ORDER BY id desc ) a GROUP BY `student_id` [ RunTime:0.001931s ]
[ sql ] [ SQL ] SHOW COLUMNS FROM `gdms_major_department` [ RunTime:0.012532s ]
[ sql ] [ SQL ] SELECT `name` FROM `gdms_major_department` WHERE  `id` = 1 LIMIT 1 [ RunTime:0.000362s ]
[ sql ] [ SQL ] SELECT `name` FROM `gdms_major_department` WHERE  `id` = 2 LIMIT 1 [ RunTime:0.000323s ]
[ sql ] [ SQL ] SHOW COLUMNS FROM `gdms_user` [ RunTime:0.010936s ]
[ sql ] [ SQL ] SELECT `avatar` FROM `gdms_user` WHERE  `user_id` = 1 LIMIT 1 [ RunTime:0.000299s ]
[ sql ] [ SQL ] SELECT `avatar` FROM `gdms_user` WHERE  `user_id` = 3 LIMIT 1 [ RunTime:0.000261s ]
---------------------------------------------------------------
[ 2018-06-11T08:36:58+08:00 ] 127.0.0.1 127.0.0.1 GET /teacher/schedule.html
[ info ] 127.0.0.1:1235/teacher/schedule.html [运行时间：0.084322s][吞吐率：11.86req/s] [内存消耗：2,216.98kb] [文件加载：52]
[ info ] [ LANG ] D:\phpStudy\PHPTutorial\WWW\gdms\thinkphp\lang\zh-cn.php
[ info ] [ ROUTE ] array (
  'type' => 'module',
  'module' => 
  array (
    0 => 'teacher',
    1 => 'Schedule',
    2 => 'schedule_list',
  ),
  'convert' => false,
)
[ info ] [ HEADER ] array (
  'cookie' => 'UM_distinctid=162ae6e6f5f3b8-0697f14b30f5f-3a614f0b-1fa400-162ae6e6f613bd; CNZZDATA1264021086=1580631447-1523340068-%7C1523340068; admin_username=admin; PHPSESSID=2elolh09beq022fqvk8vfbjafi',
  'accept-language' => 'zh-CN,zh;q=0.9',
  'accept-encoding' => 'gzip, deflate, br',
  'referer' => 'http://127.0.0.1:1235/teacher/index',
  'accept' => 'text/html,application/xhtml+xml,application/xml;q=0.9,image/webp,image/apng,*/*;q=0.8',
  'user-agent' => 'Mozilla/5.0 (Windows NT 10.0; WOW64) AppleWebKit/537.36 (KHTML, like Gecko) Chrome/65.0.3325.181 Safari/537.36',
  'upgrade-insecure-requests' => '1',
  'connection' => 'close',
  'host' => '127.0.0.1:1235',
)
[ info ] [ PARAM ] array (
  '/teacher/schedule_html' => '',
)
[ info ] [ SESSION ] INIT array (
  'id' => '',
  'var_session_id' => '',
  'prefix' => 'think',
  'type' => '',
  'auto_start' => true,
)
[ info ] [ RUN ] app\teacher\controller\Schedule->schedule_list[ D:\phpStudy\PHPTutorial\WWW\gdms\application\teacher\controller\Schedule.php ]
[ info ] [ DB ] INIT mysql
[ info ] [ VIEW ] D:\phpStudy\PHPTutorial\WWW\gdms\application/../template/teacher\schedule\schedule_list.html [ array (
  0 => 'user',
  1 => 'action',
  2 => 'controller',
  3 => 'article_list',
) ]
[ info ] [ LOG ] INIT File
[ sql ] [ DB ] CONNECT:[ UseTime:0.011160s ] mysql:host=127.0.0.1;dbname=gdms;charset=utf8
[ sql ] [ SQL ] SHOW COLUMNS FROM `gdms_user` [ RunTime:0.012409s ]
[ sql ] [ SQL ] SHOW COLUMNS FROM `gdms_article` [ RunTime:0.013206s ]
[ sql ] [ SQL ] SELECT * FROM `gdms_article` WHERE  `teacher_id` = 2  AND `student_id` > 0 ORDER BY update_time desc [ RunTime:0.000510s ]
[ sql ] [ SQL ] SELECT * FROM `gdms_user` WHERE  `user_id` IN (1,3) [ RunTime:0.000438s ]
[ sql ] [ SQL ] SHOW COLUMNS FROM `gdms_major_department` [ RunTime:0.011039s ]
[ sql ] [ SQL ] SELECT `name` FROM `gdms_major_department` WHERE  `id` = 1 LIMIT 1 [ RunTime:0.000360s ]
[ sql ] [ SQL ] SELECT `name` FROM `gdms_major_department` WHERE  `id` = 2 LIMIT 1 [ RunTime:0.000312s ]
---------------------------------------------------------------
[ 2018-06-11T08:43:58+08:00 ] 127.0.0.1 127.0.0.1 GET /teacher/schedule.html
[ info ] 127.0.0.1:1235/teacher/schedule.html [运行时间：0.083720s][吞吐率：11.94req/s] [内存消耗：2,218.16kb] [文件加载：52]
[ info ] [ LANG ] D:\phpStudy\PHPTutorial\WWW\gdms\thinkphp\lang\zh-cn.php
[ info ] [ ROUTE ] array (
  'type' => 'module',
  'module' => 
  array (
    0 => 'teacher',
    1 => 'Schedule',
    2 => 'schedule_list',
  ),
  'convert' => false,
)
[ info ] [ HEADER ] array (
  'cookie' => 'UM_distinctid=162ae6e6f5f3b8-0697f14b30f5f-3a614f0b-1fa400-162ae6e6f613bd; CNZZDATA1264021086=1580631447-1523340068-%7C1523340068; admin_username=admin; PHPSESSID=2elolh09beq022fqvk8vfbjafi',
  'accept-language' => 'zh-CN,zh;q=0.9',
  'accept-encoding' => 'gzip, deflate, br',
  'referer' => 'http://127.0.0.1:1235/teacher/index',
  'accept' => 'text/html,application/xhtml+xml,application/xml;q=0.9,image/webp,image/apng,*/*;q=0.8',
  'user-agent' => 'Mozilla/5.0 (Windows NT 10.0; WOW64) AppleWebKit/537.36 (KHTML, like Gecko) Chrome/65.0.3325.181 Safari/537.36',
  'upgrade-insecure-requests' => '1',
  'cache-control' => 'max-age=0',
  'connection' => 'close',
  'host' => '127.0.0.1:1235',
)
[ info ] [ PARAM ] array (
  '/teacher/schedule_html' => '',
)
[ info ] [ SESSION ] INIT array (
  'id' => '',
  'var_session_id' => '',
  'prefix' => 'think',
  'type' => '',
  'auto_start' => true,
)
[ info ] [ RUN ] app\teacher\controller\Schedule->schedule_list[ D:\phpStudy\PHPTutorial\WWW\gdms\application\teacher\controller\Schedule.php ]
[ info ] [ DB ] INIT mysql
[ info ] [ VIEW ] D:\phpStudy\PHPTutorial\WWW\gdms\application/../template/teacher\schedule\schedule_list.html [ array (
  0 => 'user',
  1 => 'action',
  2 => 'controller',
  3 => 'article_list',
) ]
[ info ] [ LOG ] INIT File
[ sql ] [ DB ] CONNECT:[ UseTime:0.006426s ] mysql:host=127.0.0.1;dbname=gdms;charset=utf8
[ sql ] [ SQL ] SHOW COLUMNS FROM `gdms_user` [ RunTime:0.013682s ]
[ sql ] [ SQL ] SHOW COLUMNS FROM `gdms_article` [ RunTime:0.012476s ]
[ sql ] [ SQL ] SELECT * FROM `gdms_article` WHERE  `teacher_id` = 2  AND `student_id` > 0 ORDER BY update_time desc [ RunTime:0.000509s ]
[ sql ] [ SQL ] SELECT * FROM `gdms_user` WHERE  `user_id` IN (1,3) [ RunTime:0.000397s ]
[ sql ] [ SQL ] SHOW COLUMNS FROM `gdms_major_department` [ RunTime:0.011880s ]
[ sql ] [ SQL ] SELECT `name` FROM `gdms_major_department` WHERE  `id` = 1 LIMIT 1 [ RunTime:0.000362s ]
[ sql ] [ SQL ] SELECT `name` FROM `gdms_major_department` WHERE  `id` = 2 LIMIT 1 [ RunTime:0.000329s ]
---------------------------------------------------------------
[ 2018-06-11T08:43:58+08:00 ] 127.0.0.1 127.0.0.1 GET /teacher/schedule.html
[ info ] 127.0.0.1:1235/teacher/schedule.html [运行时间：0.078535s][吞吐率：12.73req/s] [内存消耗：2,029.45kb] [文件加载：50]
[ info ] [ LANG ] D:\phpStudy\PHPTutorial\WWW\gdms\thinkphp\lang\zh-cn.php
[ info ] [ ROUTE ] array (
  'type' => 'module',
  'module' => 
  array (
    0 => 'teacher',
    1 => 'Schedule',
    2 => 'schedule_list',
  ),
  'convert' => false,
)
[ info ] [ HEADER ] array (
  'cookie' => 'UM_distinctid=162ae6e6f5f3b8-0697f14b30f5f-3a614f0b-1fa400-162ae6e6f613bd; CNZZDATA1264021086=1580631447-1523340068-%7C1523340068; admin_username=admin; PHPSESSID=2elolh09beq022fqvk8vfbjafi',
  'accept-language' => 'zh-CN,zh;q=0.9',
  'accept-encoding' => 'gzip, deflate, br',
  'referer' => 'http://127.0.0.1:1235/teacher/index',
  'accept' => 'text/html,application/xhtml+xml,application/xml;q=0.9,image/webp,image/apng,*/*;q=0.8',
  'user-agent' => 'Mozilla/5.0 (Windows NT 10.0; WOW64) AppleWebKit/537.36 (KHTML, like Gecko) Chrome/65.0.3325.181 Safari/537.36',
  'upgrade-insecure-requests' => '1',
  'cache-control' => 'max-age=0',
  'connection' => 'close',
  'host' => '127.0.0.1:1235',
)
[ info ] [ PARAM ] array (
  '/teacher/schedule_html' => '',
)
[ info ] [ SESSION ] INIT array (
  'id' => '',
  'var_session_id' => '',
  'prefix' => 'think',
  'type' => '',
  'auto_start' => true,
)
[ info ] [ RUN ] app\teacher\controller\Schedule->schedule_list[ D:\phpStudy\PHPTutorial\WWW\gdms\application\teacher\controller\Schedule.php ]
[ info ] [ DB ] INIT mysql
[ info ] [ VIEW ] D:\phpStudy\PHPTutorial\WWW\gdms\application/../template/teacher\schedule\schedule_list.html [ array (
  0 => 'user',
  1 => 'action',
  2 => 'controller',
  3 => 'article_list',
) ]
[ info ] [ LOG ] INIT File
[ sql ] [ DB ] CONNECT:[ UseTime:0.011519s ] mysql:host=127.0.0.1;dbname=gdms;charset=utf8
[ sql ] [ SQL ] SHOW COLUMNS FROM `gdms_user` [ RunTime:0.013211s ]
[ sql ] [ SQL ] SHOW COLUMNS FROM `gdms_article` [ RunTime:0.012361s ]
[ sql ] [ SQL ] SELECT * FROM `gdms_article` WHERE  `teacher_id` = 2  AND `student_id` > 0 ORDER BY update_time desc [ RunTime:0.000448s ]
[ sql ] [ SQL ] SELECT * FROM `gdms_user` WHERE  `user_id` IN (1,3) [ RunTime:0.000328s ]
[ sql ] [ SQL ] SHOW COLUMNS FROM `gdms_major_department` [ RunTime:0.011708s ]
[ sql ] [ SQL ] SELECT `name` FROM `gdms_major_department` WHERE  `id` = 1 LIMIT 1 [ RunTime:0.000326s ]
[ sql ] [ SQL ] SELECT `name` FROM `gdms_major_department` WHERE  `id` = 2 LIMIT 1 [ RunTime:0.000215s ]
---------------------------------------------------------------
[ 2018-06-11T08:46:16+08:00 ] 127.0.0.1 127.0.0.1 GET /teacher/schedule.html
[ info ] 127.0.0.1:1235/teacher/schedule.html [运行时间：0.081317s][吞吐率：12.30req/s] [内存消耗：2,218.16kb] [文件加载：52]
[ info ] [ LANG ] D:\phpStudy\PHPTutorial\WWW\gdms\thinkphp\lang\zh-cn.php
[ info ] [ ROUTE ] array (
  'type' => 'module',
  'module' => 
  array (
    0 => 'teacher',
    1 => 'Schedule',
    2 => 'schedule_list',
  ),
  'convert' => false,
)
[ info ] [ HEADER ] array (
  'cookie' => 'UM_distinctid=162ae6e6f5f3b8-0697f14b30f5f-3a614f0b-1fa400-162ae6e6f613bd; CNZZDATA1264021086=1580631447-1523340068-%7C1523340068; admin_username=admin; PHPSESSID=2elolh09beq022fqvk8vfbjafi',
  'accept-language' => 'zh-CN,zh;q=0.9',
  'accept-encoding' => 'gzip, deflate, br',
  'referer' => 'http://127.0.0.1:1235/teacher/index',
  'accept' => 'text/html,application/xhtml+xml,application/xml;q=0.9,image/webp,image/apng,*/*;q=0.8',
  'user-agent' => 'Mozilla/5.0 (Windows NT 10.0; WOW64) AppleWebKit/537.36 (KHTML, like Gecko) Chrome/65.0.3325.181 Safari/537.36',
  'upgrade-insecure-requests' => '1',
  'cache-control' => 'max-age=0',
  'connection' => 'close',
  'host' => '127.0.0.1:1235',
)
[ info ] [ PARAM ] array (
  '/teacher/schedule_html' => '',
)
[ info ] [ SESSION ] INIT array (
  'id' => '',
  'var_session_id' => '',
  'prefix' => 'think',
  'type' => '',
  'auto_start' => true,
)
[ info ] [ RUN ] app\teacher\controller\Schedule->schedule_list[ D:\phpStudy\PHPTutorial\WWW\gdms\application\teacher\controller\Schedule.php ]
[ info ] [ DB ] INIT mysql
[ info ] [ VIEW ] D:\phpStudy\PHPTutorial\WWW\gdms\application/../template/teacher\schedule\schedule_list.html [ array (
  0 => 'user',
  1 => 'action',
  2 => 'controller',
  3 => 'article_list',
) ]
[ info ] [ LOG ] INIT File
[ sql ] [ DB ] CONNECT:[ UseTime:0.002760s ] mysql:host=127.0.0.1;dbname=gdms;charset=utf8
[ sql ] [ SQL ] SHOW COLUMNS FROM `gdms_user` [ RunTime:0.016818s ]
[ sql ] [ SQL ] SHOW COLUMNS FROM `gdms_article` [ RunTime:0.012629s ]
[ sql ] [ SQL ] SELECT * FROM `gdms_article` WHERE  `teacher_id` = 2  AND `student_id` > 0 ORDER BY update_time desc [ RunTime:0.000522s ]
[ sql ] [ SQL ] SELECT * FROM `gdms_user` WHERE  `user_id` IN (1,3) [ RunTime:0.000402s ]
[ sql ] [ SQL ] SHOW COLUMNS FROM `gdms_major_department` [ RunTime:0.011246s ]
[ sql ] [ SQL ] SELECT `name` FROM `gdms_major_department` WHERE  `id` = 1 LIMIT 1 [ RunTime:0.000357s ]
[ sql ] [ SQL ] SELECT `name` FROM `gdms_major_department` WHERE  `id` = 2 LIMIT 1 [ RunTime:0.000358s ]
---------------------------------------------------------------
[ 2018-06-11T08:46:17+08:00 ] 127.0.0.1 127.0.0.1 GET /teacher/schedule.html
[ info ] 127.0.0.1:1235/teacher/schedule.html [运行时间：0.068850s][吞吐率：14.52req/s] [内存消耗：2,029.45kb] [文件加载：50]
[ info ] [ LANG ] D:\phpStudy\PHPTutorial\WWW\gdms\thinkphp\lang\zh-cn.php
[ info ] [ ROUTE ] array (
  'type' => 'module',
  'module' => 
  array (
    0 => 'teacher',
    1 => 'Schedule',
    2 => 'schedule_list',
  ),
  'convert' => false,
)
[ info ] [ HEADER ] array (
  'cookie' => 'UM_distinctid=162ae6e6f5f3b8-0697f14b30f5f-3a614f0b-1fa400-162ae6e6f613bd; CNZZDATA1264021086=1580631447-1523340068-%7C1523340068; admin_username=admin; PHPSESSID=2elolh09beq022fqvk8vfbjafi',
  'accept-language' => 'zh-CN,zh;q=0.9',
  'accept-encoding' => 'gzip, deflate, br',
  'referer' => 'http://127.0.0.1:1235/teacher/index',
  'accept' => 'text/html,application/xhtml+xml,application/xml;q=0.9,image/webp,image/apng,*/*;q=0.8',
  'user-agent' => 'Mozilla/5.0 (Windows NT 10.0; WOW64) AppleWebKit/537.36 (KHTML, like Gecko) Chrome/65.0.3325.181 Safari/537.36',
  'upgrade-insecure-requests' => '1',
  'cache-control' => 'max-age=0',
  'connection' => 'close',
  'host' => '127.0.0.1:1235',
)
[ info ] [ PARAM ] array (
  '/teacher/schedule_html' => '',
)
[ info ] [ SESSION ] INIT array (
  'id' => '',
  'var_session_id' => '',
  'prefix' => 'think',
  'type' => '',
  'auto_start' => true,
)
[ info ] [ RUN ] app\teacher\controller\Schedule->schedule_list[ D:\phpStudy\PHPTutorial\WWW\gdms\application\teacher\controller\Schedule.php ]
[ info ] [ DB ] INIT mysql
[ info ] [ VIEW ] D:\phpStudy\PHPTutorial\WWW\gdms\application/../template/teacher\schedule\schedule_list.html [ array (
  0 => 'user',
  1 => 'action',
  2 => 'controller',
  3 => 'article_list',
) ]
[ info ] [ LOG ] INIT File
[ sql ] [ DB ] CONNECT:[ UseTime:0.001988s ] mysql:host=127.0.0.1;dbname=gdms;charset=utf8
[ sql ] [ SQL ] SHOW COLUMNS FROM `gdms_user` [ RunTime:0.012417s ]
[ sql ] [ SQL ] SHOW COLUMNS FROM `gdms_article` [ RunTime:0.011795s ]
[ sql ] [ SQL ] SELECT * FROM `gdms_article` WHERE  `teacher_id` = 2  AND `student_id` > 0 ORDER BY update_time desc [ RunTime:0.000433s ]
[ sql ] [ SQL ] SELECT * FROM `gdms_user` WHERE  `user_id` IN (1,3) [ RunTime:0.000292s ]
[ sql ] [ SQL ] SHOW COLUMNS FROM `gdms_major_department` [ RunTime:0.011027s ]
[ sql ] [ SQL ] SELECT `name` FROM `gdms_major_department` WHERE  `id` = 1 LIMIT 1 [ RunTime:0.000309s ]
[ sql ] [ SQL ] SELECT `name` FROM `gdms_major_department` WHERE  `id` = 2 LIMIT 1 [ RunTime:0.000208s ]
---------------------------------------------------------------
[ 2018-06-11T08:46:50+08:00 ] 127.0.0.1 127.0.0.1 GET /teacher/schedule.html
[ info ] 127.0.0.1:1235/teacher/schedule.html [运行时间：0.078884s][吞吐率：12.68req/s] [内存消耗：2,218.16kb] [文件加载：52]
[ info ] [ LANG ] D:\phpStudy\PHPTutorial\WWW\gdms\thinkphp\lang\zh-cn.php
[ info ] [ ROUTE ] array (
  'type' => 'module',
  'module' => 
  array (
    0 => 'teacher',
    1 => 'Schedule',
    2 => 'schedule_list',
  ),
  'convert' => false,
)
[ info ] [ HEADER ] array (
  'cookie' => 'UM_distinctid=162ae6e6f5f3b8-0697f14b30f5f-3a614f0b-1fa400-162ae6e6f613bd; CNZZDATA1264021086=1580631447-1523340068-%7C1523340068; admin_username=admin; PHPSESSID=2elolh09beq022fqvk8vfbjafi',
  'accept-language' => 'zh-CN,zh;q=0.9',
  'accept-encoding' => 'gzip, deflate, br',
  'referer' => 'http://127.0.0.1:1235/teacher/index',
  'accept' => 'text/html,application/xhtml+xml,application/xml;q=0.9,image/webp,image/apng,*/*;q=0.8',
  'user-agent' => 'Mozilla/5.0 (Windows NT 10.0; WOW64) AppleWebKit/537.36 (KHTML, like Gecko) Chrome/65.0.3325.181 Safari/537.36',
  'upgrade-insecure-requests' => '1',
  'cache-control' => 'max-age=0',
  'connection' => 'close',
  'host' => '127.0.0.1:1235',
)
[ info ] [ PARAM ] array (
  '/teacher/schedule_html' => '',
)
[ info ] [ SESSION ] INIT array (
  'id' => '',
  'var_session_id' => '',
  'prefix' => 'think',
  'type' => '',
  'auto_start' => true,
)
[ info ] [ RUN ] app\teacher\controller\Schedule->schedule_list[ D:\phpStudy\PHPTutorial\WWW\gdms\application\teacher\controller\Schedule.php ]
[ info ] [ DB ] INIT mysql
[ info ] [ VIEW ] D:\phpStudy\PHPTutorial\WWW\gdms\application/../template/teacher\schedule\schedule_list.html [ array (
  0 => 'user',
  1 => 'action',
  2 => 'controller',
  3 => 'article_list',
) ]
[ info ] [ LOG ] INIT File
[ sql ] [ DB ] CONNECT:[ UseTime:0.002294s ] mysql:host=127.0.0.1;dbname=gdms;charset=utf8
[ sql ] [ SQL ] SHOW COLUMNS FROM `gdms_user` [ RunTime:0.013395s ]
[ sql ] [ SQL ] SHOW COLUMNS FROM `gdms_article` [ RunTime:0.013730s ]
[ sql ] [ SQL ] SELECT * FROM `gdms_article` WHERE  `teacher_id` = 2  AND `student_id` > 0 ORDER BY update_time desc [ RunTime:0.000462s ]
[ sql ] [ SQL ] SELECT * FROM `gdms_user` WHERE  `user_id` IN (1,3) [ RunTime:0.000327s ]
[ sql ] [ SQL ] SHOW COLUMNS FROM `gdms_major_department` [ RunTime:0.011725s ]
[ sql ] [ SQL ] SELECT `name` FROM `gdms_major_department` WHERE  `id` = 1 LIMIT 1 [ RunTime:0.000290s ]
[ sql ] [ SQL ] SELECT `name` FROM `gdms_major_department` WHERE  `id` = 2 LIMIT 1 [ RunTime:0.000252s ]
---------------------------------------------------------------
[ 2018-06-11T08:46:51+08:00 ] 127.0.0.1 127.0.0.1 GET /teacher/schedule.html
[ info ] 127.0.0.1:1235/teacher/schedule.html [运行时间：0.077386s][吞吐率：12.92req/s] [内存消耗：2,029.45kb] [文件加载：50]
[ info ] [ LANG ] D:\phpStudy\PHPTutorial\WWW\gdms\thinkphp\lang\zh-cn.php
[ info ] [ ROUTE ] array (
  'type' => 'module',
  'module' => 
  array (
    0 => 'teacher',
    1 => 'Schedule',
    2 => 'schedule_list',
  ),
  'convert' => false,
)
[ info ] [ HEADER ] array (
  'cookie' => 'UM_distinctid=162ae6e6f5f3b8-0697f14b30f5f-3a614f0b-1fa400-162ae6e6f613bd; CNZZDATA1264021086=1580631447-1523340068-%7C1523340068; admin_username=admin; PHPSESSID=2elolh09beq022fqvk8vfbjafi',
  'accept-language' => 'zh-CN,zh;q=0.9',
  'accept-encoding' => 'gzip, deflate, br',
  'referer' => 'http://127.0.0.1:1235/teacher/index',
  'accept' => 'text/html,application/xhtml+xml,application/xml;q=0.9,image/webp,image/apng,*/*;q=0.8',
  'user-agent' => 'Mozilla/5.0 (Windows NT 10.0; WOW64) AppleWebKit/537.36 (KHTML, like Gecko) Chrome/65.0.3325.181 Safari/537.36',
  'upgrade-insecure-requests' => '1',
  'cache-control' => 'max-age=0',
  'connection' => 'close',
  'host' => '127.0.0.1:1235',
)
[ info ] [ PARAM ] array (
  '/teacher/schedule_html' => '',
)
[ info ] [ SESSION ] INIT array (
  'id' => '',
  'var_session_id' => '',
  'prefix' => 'think',
  'type' => '',
  'auto_start' => true,
)
[ info ] [ RUN ] app\teacher\controller\Schedule->schedule_list[ D:\phpStudy\PHPTutorial\WWW\gdms\application\teacher\controller\Schedule.php ]
[ info ] [ DB ] INIT mysql
[ info ] [ VIEW ] D:\phpStudy\PHPTutorial\WWW\gdms\application/../template/teacher\schedule\schedule_list.html [ array (
  0 => 'user',
  1 => 'action',
  2 => 'controller',
  3 => 'article_list',
) ]
[ info ] [ LOG ] INIT File
[ sql ] [ DB ] CONNECT:[ UseTime:0.010382s ] mysql:host=127.0.0.1;dbname=gdms;charset=utf8
[ sql ] [ SQL ] SHOW COLUMNS FROM `gdms_user` [ RunTime:0.013426s ]
[ sql ] [ SQL ] SHOW COLUMNS FROM `gdms_article` [ RunTime:0.011579s ]
[ sql ] [ SQL ] SELECT * FROM `gdms_article` WHERE  `teacher_id` = 2  AND `student_id` > 0 ORDER BY update_time desc [ RunTime:0.000443s ]
[ sql ] [ SQL ] SELECT * FROM `gdms_user` WHERE  `user_id` IN (1,3) [ RunTime:0.000281s ]
[ sql ] [ SQL ] SHOW COLUMNS FROM `gdms_major_department` [ RunTime:0.011286s ]
[ sql ] [ SQL ] SELECT `name` FROM `gdms_major_department` WHERE  `id` = 1 LIMIT 1 [ RunTime:0.000269s ]
[ sql ] [ SQL ] SELECT `name` FROM `gdms_major_department` WHERE  `id` = 2 LIMIT 1 [ RunTime:0.000253s ]
---------------------------------------------------------------
[ 2018-06-11T08:46:52+08:00 ] 127.0.0.1 127.0.0.1 GET /teacher/schedule.html
[ info ] 127.0.0.1:1235/teacher/schedule.html [运行时间：0.095112s][吞吐率：10.51req/s] [内存消耗：2,029.45kb] [文件加载：50]
[ info ] [ LANG ] D:\phpStudy\PHPTutorial\WWW\gdms\thinkphp\lang\zh-cn.php
[ info ] [ ROUTE ] array (
  'type' => 'module',
  'module' => 
  array (
    0 => 'teacher',
    1 => 'Schedule',
    2 => 'schedule_list',
  ),
  'convert' => false,
)
[ info ] [ HEADER ] array (
  'cookie' => 'UM_distinctid=162ae6e6f5f3b8-0697f14b30f5f-3a614f0b-1fa400-162ae6e6f613bd; CNZZDATA1264021086=1580631447-1523340068-%7C1523340068; admin_username=admin; PHPSESSID=2elolh09beq022fqvk8vfbjafi',
  'accept-language' => 'zh-CN,zh;q=0.9',
  'accept-encoding' => 'gzip, deflate, br',
  'referer' => 'http://127.0.0.1:1235/teacher/index',
  'accept' => 'text/html,application/xhtml+xml,application/xml;q=0.9,image/webp,image/apng,*/*;q=0.8',
  'user-agent' => 'Mozilla/5.0 (Windows NT 10.0; WOW64) AppleWebKit/537.36 (KHTML, like Gecko) Chrome/65.0.3325.181 Safari/537.36',
  'upgrade-insecure-requests' => '1',
  'cache-control' => 'max-age=0',
  'connection' => 'close',
  'host' => '127.0.0.1:1235',
)
[ info ] [ PARAM ] array (
  '/teacher/schedule_html' => '',
)
[ info ] [ SESSION ] INIT array (
  'id' => '',
  'var_session_id' => '',
  'prefix' => 'think',
  'type' => '',
  'auto_start' => true,
)
[ info ] [ RUN ] app\teacher\controller\Schedule->schedule_list[ D:\phpStudy\PHPTutorial\WWW\gdms\application\teacher\controller\Schedule.php ]
[ info ] [ DB ] INIT mysql
[ info ] [ VIEW ] D:\phpStudy\PHPTutorial\WWW\gdms\application/../template/teacher\schedule\schedule_list.html [ array (
  0 => 'user',
  1 => 'action',
  2 => 'controller',
  3 => 'article_list',
) ]
[ info ] [ LOG ] INIT File
[ sql ] [ DB ] CONNECT:[ UseTime:0.011916s ] mysql:host=127.0.0.1;dbname=gdms;charset=utf8
[ sql ] [ SQL ] SHOW COLUMNS FROM `gdms_user` [ RunTime:0.016294s ]
[ sql ] [ SQL ] SHOW COLUMNS FROM `gdms_article` [ RunTime:0.015300s ]
[ sql ] [ SQL ] SELECT * FROM `gdms_article` WHERE  `teacher_id` = 2  AND `student_id` > 0 ORDER BY update_time desc [ RunTime:0.000717s ]
[ sql ] [ SQL ] SELECT * FROM `gdms_user` WHERE  `user_id` IN (1,3) [ RunTime:0.000446s ]
[ sql ] [ SQL ] SHOW COLUMNS FROM `gdms_major_department` [ RunTime:0.014923s ]
[ sql ] [ SQL ] SELECT `name` FROM `gdms_major_department` WHERE  `id` = 1 LIMIT 1 [ RunTime:0.000371s ]
[ sql ] [ SQL ] SELECT `name` FROM `gdms_major_department` WHERE  `id` = 2 LIMIT 1 [ RunTime:0.000407s ]
---------------------------------------------------------------
[ 2018-06-11T08:47:07+08:00 ] 127.0.0.1 127.0.0.1 GET /teacher/schedule.html
[ info ] 127.0.0.1:1235/teacher/schedule.html [运行时间：0.085643s][吞吐率：11.68req/s] [内存消耗：2,218.16kb] [文件加载：52]
[ info ] [ LANG ] D:\phpStudy\PHPTutorial\WWW\gdms\thinkphp\lang\zh-cn.php
[ info ] [ ROUTE ] array (
  'type' => 'module',
  'module' => 
  array (
    0 => 'teacher',
    1 => 'Schedule',
    2 => 'schedule_list',
  ),
  'convert' => false,
)
[ info ] [ HEADER ] array (
  'cookie' => 'UM_distinctid=162ae6e6f5f3b8-0697f14b30f5f-3a614f0b-1fa400-162ae6e6f613bd; CNZZDATA1264021086=1580631447-1523340068-%7C1523340068; admin_username=admin; PHPSESSID=2elolh09beq022fqvk8vfbjafi',
  'accept-language' => 'zh-CN,zh;q=0.9',
  'accept-encoding' => 'gzip, deflate, br',
  'referer' => 'http://127.0.0.1:1235/teacher/index',
  'accept' => 'text/html,application/xhtml+xml,application/xml;q=0.9,image/webp,image/apng,*/*;q=0.8',
  'user-agent' => 'Mozilla/5.0 (Windows NT 10.0; WOW64) AppleWebKit/537.36 (KHTML, like Gecko) Chrome/65.0.3325.181 Safari/537.36',
  'upgrade-insecure-requests' => '1',
  'cache-control' => 'max-age=0',
  'connection' => 'close',
  'host' => '127.0.0.1:1235',
)
[ info ] [ PARAM ] array (
  '/teacher/schedule_html' => '',
)
[ info ] [ SESSION ] INIT array (
  'id' => '',
  'var_session_id' => '',
  'prefix' => 'think',
  'type' => '',
  'auto_start' => true,
)
[ info ] [ RUN ] app\teacher\controller\Schedule->schedule_list[ D:\phpStudy\PHPTutorial\WWW\gdms\application\teacher\controller\Schedule.php ]
[ info ] [ DB ] INIT mysql
[ info ] [ VIEW ] D:\phpStudy\PHPTutorial\WWW\gdms\application/../template/teacher\schedule\schedule_list.html [ array (
  0 => 'user',
  1 => 'action',
  2 => 'controller',
  3 => 'article_list',
) ]
[ info ] [ LOG ] INIT File
[ sql ] [ DB ] CONNECT:[ UseTime:0.012412s ] mysql:host=127.0.0.1;dbname=gdms;charset=utf8
[ sql ] [ SQL ] SHOW COLUMNS FROM `gdms_user` [ RunTime:0.012130s ]
[ sql ] [ SQL ] SHOW COLUMNS FROM `gdms_article` [ RunTime:0.011673s ]
[ sql ] [ SQL ] SELECT * FROM `gdms_article` WHERE  `teacher_id` = 2  AND `student_id` > 0 ORDER BY update_time desc [ RunTime:0.000450s ]
[ sql ] [ SQL ] SELECT * FROM `gdms_user` WHERE  `user_id` IN (1,3) [ RunTime:0.000286s ]
[ sql ] [ SQL ] SHOW COLUMNS FROM `gdms_major_department` [ RunTime:0.014014s ]
[ sql ] [ SQL ] SELECT `name` FROM `gdms_major_department` WHERE  `id` = 1 LIMIT 1 [ RunTime:0.000418s ]
[ sql ] [ SQL ] SELECT `name` FROM `gdms_major_department` WHERE  `id` = 2 LIMIT 1 [ RunTime:0.000366s ]
---------------------------------------------------------------
[ 2018-06-11T08:48:51+08:00 ] 127.0.0.1 127.0.0.1 GET /teacher/schedule.html
[ info ] 127.0.0.1:1235/teacher/schedule.html [运行时间：0.088815s][吞吐率：11.26req/s] [内存消耗：2,218.16kb] [文件加载：52]
[ info ] [ LANG ] D:\phpStudy\PHPTutorial\WWW\gdms\thinkphp\lang\zh-cn.php
[ info ] [ ROUTE ] array (
  'type' => 'module',
  'module' => 
  array (
    0 => 'teacher',
    1 => 'Schedule',
    2 => 'schedule_list',
  ),
  'convert' => false,
)
[ info ] [ HEADER ] array (
  'cookie' => 'UM_distinctid=162ae6e6f5f3b8-0697f14b30f5f-3a614f0b-1fa400-162ae6e6f613bd; CNZZDATA1264021086=1580631447-1523340068-%7C1523340068; admin_username=admin; PHPSESSID=2elolh09beq022fqvk8vfbjafi',
  'accept-language' => 'zh-CN,zh;q=0.9',
  'accept-encoding' => 'gzip, deflate, br',
  'referer' => 'http://127.0.0.1:1235/teacher/index',
  'accept' => 'text/html,application/xhtml+xml,application/xml;q=0.9,image/webp,image/apng,*/*;q=0.8',
  'user-agent' => 'Mozilla/5.0 (Windows NT 10.0; WOW64) AppleWebKit/537.36 (KHTML, like Gecko) Chrome/65.0.3325.181 Safari/537.36',
  'upgrade-insecure-requests' => '1',
  'cache-control' => 'max-age=0',
  'connection' => 'close',
  'host' => '127.0.0.1:1235',
)
[ info ] [ PARAM ] array (
  '/teacher/schedule_html' => '',
)
[ info ] [ SESSION ] INIT array (
  'id' => '',
  'var_session_id' => '',
  'prefix' => 'think',
  'type' => '',
  'auto_start' => true,
)
[ info ] [ RUN ] app\teacher\controller\Schedule->schedule_list[ D:\phpStudy\PHPTutorial\WWW\gdms\application\teacher\controller\Schedule.php ]
[ info ] [ DB ] INIT mysql
[ info ] [ VIEW ] D:\phpStudy\PHPTutorial\WWW\gdms\application/../template/teacher\schedule\schedule_list.html [ array (
  0 => 'user',
  1 => 'action',
  2 => 'controller',
  3 => 'article_list',
) ]
[ info ] [ LOG ] INIT File
[ sql ] [ DB ] CONNECT:[ UseTime:0.001854s ] mysql:host=127.0.0.1;dbname=gdms;charset=utf8
[ sql ] [ SQL ] SHOW COLUMNS FROM `gdms_user` [ RunTime:0.012993s ]
[ sql ] [ SQL ] SHOW COLUMNS FROM `gdms_article` [ RunTime:0.015666s ]
[ sql ] [ SQL ] SELECT * FROM `gdms_article` WHERE  `teacher_id` = 2  AND `student_id` > 0 ORDER BY update_time desc [ RunTime:0.000508s ]
[ sql ] [ SQL ] SELECT * FROM `gdms_user` WHERE  `user_id` IN (1,3) [ RunTime:0.000418s ]
[ sql ] [ SQL ] SHOW COLUMNS FROM `gdms_major_department` [ RunTime:0.013802s ]
[ sql ] [ SQL ] SELECT `name` FROM `gdms_major_department` WHERE  `id` = 1 LIMIT 1 [ RunTime:0.000397s ]
[ sql ] [ SQL ] SELECT `name` FROM `gdms_major_department` WHERE  `id` = 2 LIMIT 1 [ RunTime:0.000296s ]
---------------------------------------------------------------
[ 2018-06-11T08:49:22+08:00 ] 127.0.0.1 127.0.0.1 GET /teacher/schedule.html
[ info ] 127.0.0.1:1235/teacher/schedule.html [运行时间：0.084138s][吞吐率：11.89req/s] [内存消耗：2,218.16kb] [文件加载：52]
[ info ] [ LANG ] D:\phpStudy\PHPTutorial\WWW\gdms\thinkphp\lang\zh-cn.php
[ info ] [ ROUTE ] array (
  'type' => 'module',
  'module' => 
  array (
    0 => 'teacher',
    1 => 'Schedule',
    2 => 'schedule_list',
  ),
  'convert' => false,
)
[ info ] [ HEADER ] array (
  'cookie' => 'UM_distinctid=162ae6e6f5f3b8-0697f14b30f5f-3a614f0b-1fa400-162ae6e6f613bd; CNZZDATA1264021086=1580631447-1523340068-%7C1523340068; admin_username=admin; PHPSESSID=2elolh09beq022fqvk8vfbjafi',
  'accept-language' => 'zh-CN,zh;q=0.9',
  'accept-encoding' => 'gzip, deflate, br',
  'referer' => 'http://127.0.0.1:1235/teacher/index',
  'accept' => 'text/html,application/xhtml+xml,application/xml;q=0.9,image/webp,image/apng,*/*;q=0.8',
  'user-agent' => 'Mozilla/5.0 (Windows NT 10.0; WOW64) AppleWebKit/537.36 (KHTML, like Gecko) Chrome/65.0.3325.181 Safari/537.36',
  'upgrade-insecure-requests' => '1',
  'cache-control' => 'max-age=0',
  'connection' => 'close',
  'host' => '127.0.0.1:1235',
)
[ info ] [ PARAM ] array (
  '/teacher/schedule_html' => '',
)
[ info ] [ SESSION ] INIT array (
  'id' => '',
  'var_session_id' => '',
  'prefix' => 'think',
  'type' => '',
  'auto_start' => true,
)
[ info ] [ RUN ] app\teacher\controller\Schedule->schedule_list[ D:\phpStudy\PHPTutorial\WWW\gdms\application\teacher\controller\Schedule.php ]
[ info ] [ DB ] INIT mysql
[ info ] [ VIEW ] D:\phpStudy\PHPTutorial\WWW\gdms\application/../template/teacher\schedule\schedule_list.html [ array (
  0 => 'user',
  1 => 'action',
  2 => 'controller',
  3 => 'article_list',
) ]
[ info ] [ LOG ] INIT File
[ sql ] [ DB ] CONNECT:[ UseTime:0.012085s ] mysql:host=127.0.0.1;dbname=gdms;charset=utf8
[ sql ] [ SQL ] SHOW COLUMNS FROM `gdms_user` [ RunTime:0.013833s ]
[ sql ] [ SQL ] SHOW COLUMNS FROM `gdms_article` [ RunTime:0.011542s ]
[ sql ] [ SQL ] SELECT * FROM `gdms_article` WHERE  `teacher_id` = 2  AND `student_id` > 0 ORDER BY update_time desc [ RunTime:0.000452s ]
[ sql ] [ SQL ] SELECT * FROM `gdms_user` WHERE  `user_id` IN (1,3) [ RunTime:0.000372s ]
[ sql ] [ SQL ] SHOW COLUMNS FROM `gdms_major_department` [ RunTime:0.010676s ]
[ sql ] [ SQL ] SELECT `name` FROM `gdms_major_department` WHERE  `id` = 1 LIMIT 1 [ RunTime:0.000278s ]
[ sql ] [ SQL ] SELECT `name` FROM `gdms_major_department` WHERE  `id` = 2 LIMIT 1 [ RunTime:0.000282s ]
---------------------------------------------------------------
[ 2018-06-11T08:49:24+08:00 ] 127.0.0.1 127.0.0.1 GET /teacher/schedule.html
[ info ] 127.0.0.1:1235/teacher/schedule.html [运行时间：0.077998s][吞吐率：12.82req/s] [内存消耗：2,029.45kb] [文件加载：50]
[ info ] [ LANG ] D:\phpStudy\PHPTutorial\WWW\gdms\thinkphp\lang\zh-cn.php
[ info ] [ ROUTE ] array (
  'type' => 'module',
  'module' => 
  array (
    0 => 'teacher',
    1 => 'Schedule',
    2 => 'schedule_list',
  ),
  'convert' => false,
)
[ info ] [ HEADER ] array (
  'cookie' => 'UM_distinctid=162ae6e6f5f3b8-0697f14b30f5f-3a614f0b-1fa400-162ae6e6f613bd; CNZZDATA1264021086=1580631447-1523340068-%7C1523340068; admin_username=admin; PHPSESSID=2elolh09beq022fqvk8vfbjafi',
  'accept-language' => 'zh-CN,zh;q=0.9',
  'accept-encoding' => 'gzip, deflate, br',
  'referer' => 'http://127.0.0.1:1235/teacher/index',
  'accept' => 'text/html,application/xhtml+xml,application/xml;q=0.9,image/webp,image/apng,*/*;q=0.8',
  'user-agent' => 'Mozilla/5.0 (Windows NT 10.0; WOW64) AppleWebKit/537.36 (KHTML, like Gecko) Chrome/65.0.3325.181 Safari/537.36',
  'upgrade-insecure-requests' => '1',
  'cache-control' => 'max-age=0',
  'connection' => 'close',
  'host' => '127.0.0.1:1235',
)
[ info ] [ PARAM ] array (
  '/teacher/schedule_html' => '',
)
[ info ] [ SESSION ] INIT array (
  'id' => '',
  'var_session_id' => '',
  'prefix' => 'think',
  'type' => '',
  'auto_start' => true,
)
[ info ] [ RUN ] app\teacher\controller\Schedule->schedule_list[ D:\phpStudy\PHPTutorial\WWW\gdms\application\teacher\controller\Schedule.php ]
[ info ] [ DB ] INIT mysql
[ info ] [ VIEW ] D:\phpStudy\PHPTutorial\WWW\gdms\application/../template/teacher\schedule\schedule_list.html [ array (
  0 => 'user',
  1 => 'action',
  2 => 'controller',
  3 => 'article_list',
) ]
[ info ] [ LOG ] INIT File
[ sql ] [ DB ] CONNECT:[ UseTime:0.010628s ] mysql:host=127.0.0.1;dbname=gdms;charset=utf8
[ sql ] [ SQL ] SHOW COLUMNS FROM `gdms_user` [ RunTime:0.012261s ]
[ sql ] [ SQL ] SHOW COLUMNS FROM `gdms_article` [ RunTime:0.011289s ]
[ sql ] [ SQL ] SELECT * FROM `gdms_article` WHERE  `teacher_id` = 2  AND `student_id` > 0 ORDER BY update_time desc [ RunTime:0.000558s ]
[ sql ] [ SQL ] SELECT * FROM `gdms_user` WHERE  `user_id` IN (1,3) [ RunTime:0.000405s ]
[ sql ] [ SQL ] SHOW COLUMNS FROM `gdms_major_department` [ RunTime:0.011904s ]
[ sql ] [ SQL ] SELECT `name` FROM `gdms_major_department` WHERE  `id` = 1 LIMIT 1 [ RunTime:0.000350s ]
[ sql ] [ SQL ] SELECT `name` FROM `gdms_major_department` WHERE  `id` = 2 LIMIT 1 [ RunTime:0.000310s ]
