---------------------------------------------------------------
[ 2018-06-27T09:21:26+08:00 ] 127.0.0.1 127.0.0.1 GET /
[ info ] 127.0.0.1:1235/ [运行时间：0.039132s][吞吐率：25.55req/s] [内存消耗：1,125.83kb] [文件加载：35]
[ info ] [ LANG ] D:\phpStudy\PHPTutorial\WWW\gdms\thinkphp\lang\zh-cn.php
[ info ] [ ROUTE ] array (
  'type' => 'module',
  'module' => 
  array (
    0 => '',
    1 => NULL,
    2 => NULL,
  ),
)
[ info ] [ HEADER ] array (
  'cookie' => 'UM_distinctid=162ae6e6f5f3b8-0697f14b30f5f-3a614f0b-1fa400-162ae6e6f613bd; CNZZDATA1264021086=1580631447-1523340068-%7C1523340068; admin_username=admin; XSRF-TOKEN=eyJpdiI6IkNwYlJCUHpUeU52cWkxUGUxUW9NUGc9PSIsInZhbHVlIjoiZFBcL0EwOXhGa3hIbXRTNjFBeWFkVUc5bFlPUkZndkVVTzZyZDlBVGZ1blpkWGpSMnpzenA3V1dWUmZsM1N4czB4alBFQXhWcGdYWUYxMG8zdjBRbjJnPT0iLCJtYWMiOiIzNTI1N2IzNjI0ZTg3ZDE5OGY1NTVkNTMzNjYxMWE2NWNmOTUxZGY4NWY1Y2RjYjY0YzVjZWM1NmUzN2YyMDkwIn0%3D; nodes_session=eyJpdiI6IlVyTFlObG9ucEtvQjdBaWVnT1Aycmc9PSIsInZhbHVlIjoicXdLWk1PMVRNNitrK2J1U3ZTUGlHYmdPNlFqZjhnSnRBbWhVYlVaaXRRSFdtdlR5YUpoTlVQd3hDdW1kdTVIdjhBY1BRWUp1M2Q0R01Kc0FWOXBidUE9PSIsIm1hYyI6IjRlNDY3MWY0NDIzYWI4NWIwYTRmZWU5OGI3OTY5ZDU2Y2M1MjYyMjdhMzhlNDk4ZDA5MDllZmRlYTNlMzY3MjUifQ%3D%3D; PHPSESSID=2gbagv7n5jhk9nb8v241r7scmr',
  'accept-language' => 'zh-CN,zh;q=0.9',
  'accept-encoding' => 'gzip, deflate, br',
  'accept' => 'text/html,application/xhtml+xml,application/xml;q=0.9,image/webp,image/apng,*/*;q=0.8',
  'user-agent' => 'Mozilla/5.0 (Windows NT 10.0; WOW64) AppleWebKit/537.36 (KHTML, like Gecko) Chrome/65.0.3325.181 Safari/537.36',
  'upgrade-insecure-requests' => '1',
  'connection' => 'close',
  'host' => '127.0.0.1:1235',
)
[ info ] [ PARAM ] array (
)
[ info ] [ RUN ] app\student\controller\Login->index[ D:\phpStudy\PHPTutorial\WWW\gdms\application\student\controller\Login.php ]
[ info ] [ SESSION ] INIT array (
  'id' => '',
  'var_session_id' => '',
  'prefix' => 'think',
  'type' => '',
  'auto_start' => true,
)
[ info ] [ VIEW ] D:\phpStudy\PHPTutorial\WWW\gdms\application/../template/student\login\index.html [ array (
  0 => 'action',
  1 => 'controller',
) ]
[ info ] [ LOG ] INIT File
---------------------------------------------------------------
[ 2018-06-27T09:21:27+08:00 ] 127.0.0.1 127.0.0.1 POST /student/do_login
[ info ] 127.0.0.1:1235/student/do_login [运行时间：0.057820s][吞吐率：17.30req/s] [内存消耗：1,711.85kb] [文件加载：43]
[ info ] [ LANG ] D:\phpStudy\PHPTutorial\WWW\gdms\thinkphp\lang\zh-cn.php
[ info ] [ ROUTE ] array (
  'type' => 'module',
  'module' => 
  array (
    0 => 'student',
    1 => 'Login',
    2 => 'do_login',
  ),
  'convert' => false,
)
[ info ] [ HEADER ] array (
  'cookie' => 'UM_distinctid=162ae6e6f5f3b8-0697f14b30f5f-3a614f0b-1fa400-162ae6e6f613bd; CNZZDATA1264021086=1580631447-1523340068-%7C1523340068; admin_username=admin; XSRF-TOKEN=eyJpdiI6IkNwYlJCUHpUeU52cWkxUGUxUW9NUGc9PSIsInZhbHVlIjoiZFBcL0EwOXhGa3hIbXRTNjFBeWFkVUc5bFlPUkZndkVVTzZyZDlBVGZ1blpkWGpSMnpzenA3V1dWUmZsM1N4czB4alBFQXhWcGdYWUYxMG8zdjBRbjJnPT0iLCJtYWMiOiIzNTI1N2IzNjI0ZTg3ZDE5OGY1NTVkNTMzNjYxMWE2NWNmOTUxZGY4NWY1Y2RjYjY0YzVjZWM1NmUzN2YyMDkwIn0%3D; nodes_session=eyJpdiI6IlVyTFlObG9ucEtvQjdBaWVnT1Aycmc9PSIsInZhbHVlIjoicXdLWk1PMVRNNitrK2J1U3ZTUGlHYmdPNlFqZjhnSnRBbWhVYlVaaXRRSFdtdlR5YUpoTlVQd3hDdW1kdTVIdjhBY1BRWUp1M2Q0R01Kc0FWOXBidUE9PSIsIm1hYyI6IjRlNDY3MWY0NDIzYWI4NWIwYTRmZWU5OGI3OTY5ZDU2Y2M1MjYyMjdhMzhlNDk4ZDA5MDllZmRlYTNlMzY3MjUifQ%3D%3D; PHPSESSID=2gbagv7n5jhk9nb8v241r7scmr',
  'accept-language' => 'zh-CN,zh;q=0.9',
  'accept-encoding' => 'gzip, deflate, br',
  'referer' => 'http://127.0.0.1:1235/',
  'accept' => 'text/html,application/xhtml+xml,application/xml;q=0.9,image/webp,image/apng,*/*;q=0.8',
  'user-agent' => 'Mozilla/5.0 (Windows NT 10.0; WOW64) AppleWebKit/537.36 (KHTML, like Gecko) Chrome/65.0.3325.181 Safari/537.36',
  'content-type' => 'application/x-www-form-urlencoded',
  'upgrade-insecure-requests' => '1',
  'origin' => 'http://127.0.0.1:1235',
  'cache-control' => 'max-age=0',
  'content-length' => '33',
  'connection' => 'close',
  'host' => '127.0.0.1:1235',
)
[ info ] [ PARAM ] array (
  '/student/do_login' => '',
  'number' => '1555555555',
  'password' => '215405',
)
[ info ] [ RUN ] app\student\controller\Login->do_login[ D:\phpStudy\PHPTutorial\WWW\gdms\application\student\controller\Login.php ]
[ info ] [ DB ] INIT mysql
[ info ] [ VIEW ] D:\phpStudy\PHPTutorial\WWW\gdms\thinkphp\tpl\dispatch_jump.tpl [ array (
  0 => 'action',
  1 => 'controller',
  2 => 'code',
  3 => 'msg',
  4 => 'data',
  5 => 'url',
  6 => 'wait',
) ]
[ info ] [ LOG ] INIT File
[ sql ] [ DB ] CONNECT:[ UseTime:0.010980s ] mysql:host=127.0.0.1;dbname=gdms;charset=utf8
[ sql ] [ SQL ] SHOW COLUMNS FROM `gdms_user` [ RunTime:0.015792s ]
[ sql ] [ SQL ] SELECT * FROM `gdms_user` WHERE  `number` = 1555555555 LIMIT 1 [ RunTime:0.000462s ]
---------------------------------------------------------------
[ 2018-06-27T09:21:28+08:00 ] 127.0.0.1 127.0.0.1 GET /
[ info ] 127.0.0.1:1235/ [运行时间：0.018013s][吞吐率：55.52req/s] [内存消耗：1,125.84kb] [文件加载：35]
[ info ] [ LANG ] D:\phpStudy\PHPTutorial\WWW\gdms\thinkphp\lang\zh-cn.php
[ info ] [ ROUTE ] array (
  'type' => 'module',
  'module' => 
  array (
    0 => '',
    1 => NULL,
    2 => NULL,
  ),
)
[ info ] [ HEADER ] array (
  'cookie' => 'UM_distinctid=162ae6e6f5f3b8-0697f14b30f5f-3a614f0b-1fa400-162ae6e6f613bd; CNZZDATA1264021086=1580631447-1523340068-%7C1523340068; admin_username=admin; XSRF-TOKEN=eyJpdiI6IkNwYlJCUHpUeU52cWkxUGUxUW9NUGc9PSIsInZhbHVlIjoiZFBcL0EwOXhGa3hIbXRTNjFBeWFkVUc5bFlPUkZndkVVTzZyZDlBVGZ1blpkWGpSMnpzenA3V1dWUmZsM1N4czB4alBFQXhWcGdYWUYxMG8zdjBRbjJnPT0iLCJtYWMiOiIzNTI1N2IzNjI0ZTg3ZDE5OGY1NTVkNTMzNjYxMWE2NWNmOTUxZGY4NWY1Y2RjYjY0YzVjZWM1NmUzN2YyMDkwIn0%3D; nodes_session=eyJpdiI6IlVyTFlObG9ucEtvQjdBaWVnT1Aycmc9PSIsInZhbHVlIjoicXdLWk1PMVRNNitrK2J1U3ZTUGlHYmdPNlFqZjhnSnRBbWhVYlVaaXRRSFdtdlR5YUpoTlVQd3hDdW1kdTVIdjhBY1BRWUp1M2Q0R01Kc0FWOXBidUE9PSIsIm1hYyI6IjRlNDY3MWY0NDIzYWI4NWIwYTRmZWU5OGI3OTY5ZDU2Y2M1MjYyMjdhMzhlNDk4ZDA5MDllZmRlYTNlMzY3MjUifQ%3D%3D; PHPSESSID=2gbagv7n5jhk9nb8v241r7scmr',
  'accept-language' => 'zh-CN,zh;q=0.9',
  'accept-encoding' => 'gzip, deflate, br',
  'accept' => 'text/html,application/xhtml+xml,application/xml;q=0.9,image/webp,image/apng,*/*;q=0.8',
  'user-agent' => 'Mozilla/5.0 (Windows NT 10.0; WOW64) AppleWebKit/537.36 (KHTML, like Gecko) Chrome/65.0.3325.181 Safari/537.36',
  'upgrade-insecure-requests' => '1',
  'connection' => 'close',
  'host' => '127.0.0.1:1235',
)
[ info ] [ PARAM ] array (
)
[ info ] [ RUN ] app\student\controller\Login->index[ D:\phpStudy\PHPTutorial\WWW\gdms\application\student\controller\Login.php ]
[ info ] [ SESSION ] INIT array (
  'id' => '',
  'var_session_id' => '',
  'prefix' => 'think',
  'type' => '',
  'auto_start' => true,
)
[ info ] [ VIEW ] D:\phpStudy\PHPTutorial\WWW\gdms\application/../template/student\login\index.html [ array (
  0 => 'action',
  1 => 'controller',
) ]
[ info ] [ LOG ] INIT File
---------------------------------------------------------------
[ 2018-06-27T09:21:32+08:00 ] 127.0.0.1 127.0.0.1 GET /teacher/login
[ info ] 127.0.0.1:1235/teacher/login [运行时间：0.022329s][吞吐率：44.78req/s] [内存消耗：1,129.68kb] [文件加载：35]
[ info ] [ LANG ] D:\phpStudy\PHPTutorial\WWW\gdms\thinkphp\lang\zh-cn.php
[ info ] [ ROUTE ] array (
  'type' => 'module',
  'module' => 
  array (
    0 => 'teacher',
    1 => 'Login',
    2 => 'index',
  ),
  'convert' => false,
)
[ info ] [ HEADER ] array (
  'cookie' => 'UM_distinctid=162ae6e6f5f3b8-0697f14b30f5f-3a614f0b-1fa400-162ae6e6f613bd; CNZZDATA1264021086=1580631447-1523340068-%7C1523340068; admin_username=admin; XSRF-TOKEN=eyJpdiI6IkNwYlJCUHpUeU52cWkxUGUxUW9NUGc9PSIsInZhbHVlIjoiZFBcL0EwOXhGa3hIbXRTNjFBeWFkVUc5bFlPUkZndkVVTzZyZDlBVGZ1blpkWGpSMnpzenA3V1dWUmZsM1N4czB4alBFQXhWcGdYWUYxMG8zdjBRbjJnPT0iLCJtYWMiOiIzNTI1N2IzNjI0ZTg3ZDE5OGY1NTVkNTMzNjYxMWE2NWNmOTUxZGY4NWY1Y2RjYjY0YzVjZWM1NmUzN2YyMDkwIn0%3D; nodes_session=eyJpdiI6IlVyTFlObG9ucEtvQjdBaWVnT1Aycmc9PSIsInZhbHVlIjoicXdLWk1PMVRNNitrK2J1U3ZTUGlHYmdPNlFqZjhnSnRBbWhVYlVaaXRRSFdtdlR5YUpoTlVQd3hDdW1kdTVIdjhBY1BRWUp1M2Q0R01Kc0FWOXBidUE9PSIsIm1hYyI6IjRlNDY3MWY0NDIzYWI4NWIwYTRmZWU5OGI3OTY5ZDU2Y2M1MjYyMjdhMzhlNDk4ZDA5MDllZmRlYTNlMzY3MjUifQ%3D%3D; PHPSESSID=2gbagv7n5jhk9nb8v241r7scmr',
  'accept-language' => 'zh-CN,zh;q=0.9',
  'accept-encoding' => 'gzip, deflate, br',
  'referer' => 'http://127.0.0.1:1235/',
  'accept' => 'text/html,application/xhtml+xml,application/xml;q=0.9,image/webp,image/apng,*/*;q=0.8',
  'user-agent' => 'Mozilla/5.0 (Windows NT 10.0; WOW64) AppleWebKit/537.36 (KHTML, like Gecko) Chrome/65.0.3325.181 Safari/537.36',
  'upgrade-insecure-requests' => '1',
  'connection' => 'close',
  'host' => '127.0.0.1:1235',
)
[ info ] [ PARAM ] array (
  '/teacher/login' => '',
)
[ info ] [ RUN ] app\teacher\controller\Login->index[ D:\phpStudy\PHPTutorial\WWW\gdms\application\teacher\controller\Login.php ]
[ info ] [ SESSION ] INIT array (
  'id' => '',
  'var_session_id' => '',
  'prefix' => 'think',
  'type' => '',
  'auto_start' => true,
)
[ info ] [ VIEW ] D:\phpStudy\PHPTutorial\WWW\gdms\application/../template/teacher\login\index.html [ array (
  0 => 'action',
  1 => 'controller',
) ]
[ info ] [ LOG ] INIT File
---------------------------------------------------------------
[ 2018-06-27T09:21:33+08:00 ] 127.0.0.1 127.0.0.1 POST /teacher/do_login
[ info ] 127.0.0.1:1235/teacher/do_login [运行时间：0.053078s][吞吐率：18.84req/s] [内存消耗：1,718.97kb] [文件加载：43]
[ info ] [ LANG ] D:\phpStudy\PHPTutorial\WWW\gdms\thinkphp\lang\zh-cn.php
[ info ] [ ROUTE ] array (
  'type' => 'module',
  'module' => 
  array (
    0 => 'teacher',
    1 => 'Login',
    2 => 'do_login',
  ),
  'convert' => false,
)
[ info ] [ HEADER ] array (
  'cookie' => 'UM_distinctid=162ae6e6f5f3b8-0697f14b30f5f-3a614f0b-1fa400-162ae6e6f613bd; CNZZDATA1264021086=1580631447-1523340068-%7C1523340068; admin_username=admin; XSRF-TOKEN=eyJpdiI6IkNwYlJCUHpUeU52cWkxUGUxUW9NUGc9PSIsInZhbHVlIjoiZFBcL0EwOXhGa3hIbXRTNjFBeWFkVUc5bFlPUkZndkVVTzZyZDlBVGZ1blpkWGpSMnpzenA3V1dWUmZsM1N4czB4alBFQXhWcGdYWUYxMG8zdjBRbjJnPT0iLCJtYWMiOiIzNTI1N2IzNjI0ZTg3ZDE5OGY1NTVkNTMzNjYxMWE2NWNmOTUxZGY4NWY1Y2RjYjY0YzVjZWM1NmUzN2YyMDkwIn0%3D; nodes_session=eyJpdiI6IlVyTFlObG9ucEtvQjdBaWVnT1Aycmc9PSIsInZhbHVlIjoicXdLWk1PMVRNNitrK2J1U3ZTUGlHYmdPNlFqZjhnSnRBbWhVYlVaaXRRSFdtdlR5YUpoTlVQd3hDdW1kdTVIdjhBY1BRWUp1M2Q0R01Kc0FWOXBidUE9PSIsIm1hYyI6IjRlNDY3MWY0NDIzYWI4NWIwYTRmZWU5OGI3OTY5ZDU2Y2M1MjYyMjdhMzhlNDk4ZDA5MDllZmRlYTNlMzY3MjUifQ%3D%3D; PHPSESSID=2gbagv7n5jhk9nb8v241r7scmr',
  'accept-language' => 'zh-CN,zh;q=0.9',
  'accept-encoding' => 'gzip, deflate, br',
  'referer' => 'http://127.0.0.1:1235/teacher/login',
  'accept' => 'text/html,application/xhtml+xml,application/xml;q=0.9,image/webp,image/apng,*/*;q=0.8',
  'user-agent' => 'Mozilla/5.0 (Windows NT 10.0; WOW64) AppleWebKit/537.36 (KHTML, like Gecko) Chrome/65.0.3325.181 Safari/537.36',
  'content-type' => 'application/x-www-form-urlencoded',
  'upgrade-insecure-requests' => '1',
  'origin' => 'http://127.0.0.1:1235',
  'cache-control' => 'max-age=0',
  'content-length' => '33',
  'connection' => 'close',
  'host' => '127.0.0.1:1235',
)
[ info ] [ PARAM ] array (
  '/teacher/do_login' => '',
  'number' => '1555555555',
  'password' => '215405',
)
[ info ] [ RUN ] app\teacher\controller\Login->do_login[ D:\phpStudy\PHPTutorial\WWW\gdms\application\teacher\controller\Login.php ]
[ info ] [ DB ] INIT mysql
[ info ] [ SESSION ] INIT array (
  'id' => '',
  'var_session_id' => '',
  'prefix' => 'think',
  'type' => '',
  'auto_start' => true,
)
[ info ] [ LOG ] INIT File
[ sql ] [ DB ] CONNECT:[ UseTime:0.011704s ] mysql:host=127.0.0.1;dbname=gdms;charset=utf8
[ sql ] [ SQL ] SHOW COLUMNS FROM `gdms_user` [ RunTime:0.013575s ]
[ sql ] [ SQL ] SELECT * FROM `gdms_user` WHERE  `number` = 1555555555 LIMIT 1 [ RunTime:0.000484s ]
---------------------------------------------------------------
[ 2018-06-27T09:21:33+08:00 ] 127.0.0.1 127.0.0.1 GET /teacher/index
[ info ] 127.0.0.1:1235/teacher/index [运行时间：0.092173s][吞吐率：10.85req/s] [内存消耗：1,778.80kb] [文件加载：44]
[ info ] [ LANG ] D:\phpStudy\PHPTutorial\WWW\gdms\thinkphp\lang\zh-cn.php
[ info ] [ ROUTE ] array (
  'type' => 'module',
  'module' => 
  array (
    0 => 'teacher',
    1 => 'Index',
    2 => 'index',
  ),
  'convert' => false,
)
[ info ] [ HEADER ] array (
  'cookie' => 'UM_distinctid=162ae6e6f5f3b8-0697f14b30f5f-3a614f0b-1fa400-162ae6e6f613bd; CNZZDATA1264021086=1580631447-1523340068-%7C1523340068; admin_username=admin; XSRF-TOKEN=eyJpdiI6IkNwYlJCUHpUeU52cWkxUGUxUW9NUGc9PSIsInZhbHVlIjoiZFBcL0EwOXhGa3hIbXRTNjFBeWFkVUc5bFlPUkZndkVVTzZyZDlBVGZ1blpkWGpSMnpzenA3V1dWUmZsM1N4czB4alBFQXhWcGdYWUYxMG8zdjBRbjJnPT0iLCJtYWMiOiIzNTI1N2IzNjI0ZTg3ZDE5OGY1NTVkNTMzNjYxMWE2NWNmOTUxZGY4NWY1Y2RjYjY0YzVjZWM1NmUzN2YyMDkwIn0%3D; nodes_session=eyJpdiI6IlVyTFlObG9ucEtvQjdBaWVnT1Aycmc9PSIsInZhbHVlIjoicXdLWk1PMVRNNitrK2J1U3ZTUGlHYmdPNlFqZjhnSnRBbWhVYlVaaXRRSFdtdlR5YUpoTlVQd3hDdW1kdTVIdjhBY1BRWUp1M2Q0R01Kc0FWOXBidUE9PSIsIm1hYyI6IjRlNDY3MWY0NDIzYWI4NWIwYTRmZWU5OGI3OTY5ZDU2Y2M1MjYyMjdhMzhlNDk4ZDA5MDllZmRlYTNlMzY3MjUifQ%3D%3D; PHPSESSID=2gbagv7n5jhk9nb8v241r7scmr',
  'accept-language' => 'zh-CN,zh;q=0.9',
  'accept-encoding' => 'gzip, deflate, br',
  'referer' => 'http://127.0.0.1:1235/teacher/login',
  'accept' => 'text/html,application/xhtml+xml,application/xml;q=0.9,image/webp,image/apng,*/*;q=0.8',
  'user-agent' => 'Mozilla/5.0 (Windows NT 10.0; WOW64) AppleWebKit/537.36 (KHTML, like Gecko) Chrome/65.0.3325.181 Safari/537.36',
  'upgrade-insecure-requests' => '1',
  'cache-control' => 'max-age=0',
  'connection' => 'close',
  'host' => '127.0.0.1:1235',
)
[ info ] [ PARAM ] array (
  '/teacher/index' => '',
)
[ info ] [ SESSION ] INIT array (
  'id' => '',
  'var_session_id' => '',
  'prefix' => 'think',
  'type' => '',
  'auto_start' => true,
)
[ info ] [ RUN ] app\teacher\controller\Index->index[ D:\phpStudy\PHPTutorial\WWW\gdms\application\teacher\controller\Index.php ]
[ info ] [ DB ] INIT mysql
[ info ] [ VIEW ] D:\phpStudy\PHPTutorial\WWW\gdms\application/../template/teacher\index\index.html [ array (
  0 => 'user',
  1 => 'action',
  2 => 'controller',
  3 => 'message_list',
) ]
[ info ] [ LOG ] INIT File
[ sql ] [ DB ] CONNECT:[ UseTime:0.010918s ] mysql:host=127.0.0.1;dbname=gdms;charset=utf8
[ sql ] [ SQL ] SHOW COLUMNS FROM `gdms_message` [ RunTime:0.025837s ]
[ sql ] [ SQL ] SELECT * FROM ( SELECT * FROM `gdms_message` WHERE  `teacher_id` = 2  AND `type` = 1 ORDER BY id desc ) a GROUP BY `student_id` [ RunTime:0.001591s ]
[ sql ] [ SQL ] SHOW COLUMNS FROM `gdms_major_department` [ RunTime:0.013112s ]
[ sql ] [ SQL ] SELECT `name` FROM `gdms_major_department` WHERE  `id` = 1 LIMIT 1 [ RunTime:0.000373s ]
[ sql ] [ SQL ] SELECT `name` FROM `gdms_major_department` WHERE  `id` = 2 LIMIT 1 [ RunTime:0.000320s ]
[ sql ] [ SQL ] SHOW COLUMNS FROM `gdms_user` [ RunTime:0.012588s ]
[ sql ] [ SQL ] SELECT `avatar` FROM `gdms_user` WHERE  `user_id` = 1 LIMIT 1 [ RunTime:0.000291s ]
[ sql ] [ SQL ] SELECT `avatar` FROM `gdms_user` WHERE  `user_id` = 3 LIMIT 1 [ RunTime:0.000211s ]
---------------------------------------------------------------
[ 2018-06-27T09:21:36+08:00 ] 127.0.0.1 127.0.0.1 GET /teacher/schedule.html
[ info ] 127.0.0.1:1235/teacher/schedule.html [运行时间：0.096926s][吞吐率：10.32req/s] [内存消耗：2,033.25kb] [文件加载：50]
[ info ] [ LANG ] D:\phpStudy\PHPTutorial\WWW\gdms\thinkphp\lang\zh-cn.php
[ info ] [ ROUTE ] array (
  'type' => 'module',
  'module' => 
  array (
    0 => 'teacher',
    1 => 'Schedule',
    2 => 'schedule_list',
  ),
  'convert' => false,
)
[ info ] [ HEADER ] array (
  'cookie' => 'UM_distinctid=162ae6e6f5f3b8-0697f14b30f5f-3a614f0b-1fa400-162ae6e6f613bd; CNZZDATA1264021086=1580631447-1523340068-%7C1523340068; admin_username=admin; XSRF-TOKEN=eyJpdiI6IkNwYlJCUHpUeU52cWkxUGUxUW9NUGc9PSIsInZhbHVlIjoiZFBcL0EwOXhGa3hIbXRTNjFBeWFkVUc5bFlPUkZndkVVTzZyZDlBVGZ1blpkWGpSMnpzenA3V1dWUmZsM1N4czB4alBFQXhWcGdYWUYxMG8zdjBRbjJnPT0iLCJtYWMiOiIzNTI1N2IzNjI0ZTg3ZDE5OGY1NTVkNTMzNjYxMWE2NWNmOTUxZGY4NWY1Y2RjYjY0YzVjZWM1NmUzN2YyMDkwIn0%3D; nodes_session=eyJpdiI6IlVyTFlObG9ucEtvQjdBaWVnT1Aycmc9PSIsInZhbHVlIjoicXdLWk1PMVRNNitrK2J1U3ZTUGlHYmdPNlFqZjhnSnRBbWhVYlVaaXRRSFdtdlR5YUpoTlVQd3hDdW1kdTVIdjhBY1BRWUp1M2Q0R01Kc0FWOXBidUE9PSIsIm1hYyI6IjRlNDY3MWY0NDIzYWI4NWIwYTRmZWU5OGI3OTY5ZDU2Y2M1MjYyMjdhMzhlNDk4ZDA5MDllZmRlYTNlMzY3MjUifQ%3D%3D; PHPSESSID=2gbagv7n5jhk9nb8v241r7scmr',
  'accept-language' => 'zh-CN,zh;q=0.9',
  'accept-encoding' => 'gzip, deflate, br',
  'referer' => 'http://127.0.0.1:1235/teacher/index',
  'accept' => 'text/html,application/xhtml+xml,application/xml;q=0.9,image/webp,image/apng,*/*;q=0.8',
  'user-agent' => 'Mozilla/5.0 (Windows NT 10.0; WOW64) AppleWebKit/537.36 (KHTML, like Gecko) Chrome/65.0.3325.181 Safari/537.36',
  'upgrade-insecure-requests' => '1',
  'connection' => 'close',
  'host' => '127.0.0.1:1235',
)
[ info ] [ PARAM ] array (
  '/teacher/schedule_html' => '',
)
[ info ] [ SESSION ] INIT array (
  'id' => '',
  'var_session_id' => '',
  'prefix' => 'think',
  'type' => '',
  'auto_start' => true,
)
[ info ] [ RUN ] app\teacher\controller\Schedule->schedule_list[ D:\phpStudy\PHPTutorial\WWW\gdms\application\teacher\controller\Schedule.php ]
[ info ] [ DB ] INIT mysql
[ info ] [ VIEW ] D:\phpStudy\PHPTutorial\WWW\gdms\application/../template/teacher\schedule\schedule_list.html [ array (
  0 => 'user',
  1 => 'action',
  2 => 'controller',
  3 => 'article_list',
) ]
[ info ] [ LOG ] INIT File
[ sql ] [ DB ] CONNECT:[ UseTime:0.011395s ] mysql:host=127.0.0.1;dbname=gdms;charset=utf8
[ sql ] [ SQL ] SHOW COLUMNS FROM `gdms_user` [ RunTime:0.021462s ]
[ sql ] [ SQL ] SHOW COLUMNS FROM `gdms_article` [ RunTime:0.014240s ]
[ sql ] [ SQL ] SELECT * FROM `gdms_article` WHERE  `teacher_id` = 2  AND `student_id` > 0 ORDER BY update_time desc [ RunTime:0.000435s ]
[ sql ] [ SQL ] SELECT * FROM `gdms_user` WHERE  `user_id` IN (1,3) [ RunTime:0.000323s ]
[ sql ] [ SQL ] SHOW COLUMNS FROM `gdms_major_department` [ RunTime:0.013132s ]
[ sql ] [ SQL ] SELECT `name` FROM `gdms_major_department` WHERE  `id` = 1 LIMIT 1 [ RunTime:0.000284s ]
[ sql ] [ SQL ] SELECT `name` FROM `gdms_major_department` WHERE  `id` = 2 LIMIT 1 [ RunTime:0.000281s ]
---------------------------------------------------------------
[ 2018-06-27T09:21:42+08:00 ] 127.0.0.1 127.0.0.1 GET /teacher/schedule.html
[ info ] 127.0.0.1:1235/teacher/schedule.html [运行时间：0.072791s][吞吐率：13.74req/s] [内存消耗：2,033.27kb] [文件加载：50]
[ info ] [ LANG ] D:\phpStudy\PHPTutorial\WWW\gdms\thinkphp\lang\zh-cn.php
[ info ] [ ROUTE ] array (
  'type' => 'module',
  'module' => 
  array (
    0 => 'teacher',
    1 => 'Schedule',
    2 => 'schedule_list',
  ),
  'convert' => false,
)
[ info ] [ HEADER ] array (
  'cookie' => 'UM_distinctid=162ae6e6f5f3b8-0697f14b30f5f-3a614f0b-1fa400-162ae6e6f613bd; CNZZDATA1264021086=1580631447-1523340068-%7C1523340068; admin_username=admin; XSRF-TOKEN=eyJpdiI6IkNwYlJCUHpUeU52cWkxUGUxUW9NUGc9PSIsInZhbHVlIjoiZFBcL0EwOXhGa3hIbXRTNjFBeWFkVUc5bFlPUkZndkVVTzZyZDlBVGZ1blpkWGpSMnpzenA3V1dWUmZsM1N4czB4alBFQXhWcGdYWUYxMG8zdjBRbjJnPT0iLCJtYWMiOiIzNTI1N2IzNjI0ZTg3ZDE5OGY1NTVkNTMzNjYxMWE2NWNmOTUxZGY4NWY1Y2RjYjY0YzVjZWM1NmUzN2YyMDkwIn0%3D; nodes_session=eyJpdiI6IlVyTFlObG9ucEtvQjdBaWVnT1Aycmc9PSIsInZhbHVlIjoicXdLWk1PMVRNNitrK2J1U3ZTUGlHYmdPNlFqZjhnSnRBbWhVYlVaaXRRSFdtdlR5YUpoTlVQd3hDdW1kdTVIdjhBY1BRWUp1M2Q0R01Kc0FWOXBidUE9PSIsIm1hYyI6IjRlNDY3MWY0NDIzYWI4NWIwYTRmZWU5OGI3OTY5ZDU2Y2M1MjYyMjdhMzhlNDk4ZDA5MDllZmRlYTNlMzY3MjUifQ%3D%3D; PHPSESSID=2gbagv7n5jhk9nb8v241r7scmr',
  'accept-language' => 'zh-CN,zh;q=0.9',
  'accept-encoding' => 'gzip, deflate, br',
  'referer' => 'http://127.0.0.1:1235/teacher/schedule.html',
  'accept' => 'text/html,application/xhtml+xml,application/xml;q=0.9,image/webp,image/apng,*/*;q=0.8',
  'user-agent' => 'Mozilla/5.0 (Windows NT 10.0; WOW64) AppleWebKit/537.36 (KHTML, like Gecko) Chrome/65.0.3325.181 Safari/537.36',
  'upgrade-insecure-requests' => '1',
  'connection' => 'close',
  'host' => '127.0.0.1:1235',
)
[ info ] [ PARAM ] array (
  '/teacher/schedule_html' => '',
)
[ info ] [ SESSION ] INIT array (
  'id' => '',
  'var_session_id' => '',
  'prefix' => 'think',
  'type' => '',
  'auto_start' => true,
)
[ info ] [ RUN ] app\teacher\controller\Schedule->schedule_list[ D:\phpStudy\PHPTutorial\WWW\gdms\application\teacher\controller\Schedule.php ]
[ info ] [ DB ] INIT mysql
[ info ] [ VIEW ] D:\phpStudy\PHPTutorial\WWW\gdms\application/../template/teacher\schedule\schedule_list.html [ array (
  0 => 'user',
  1 => 'action',
  2 => 'controller',
  3 => 'article_list',
) ]
[ info ] [ LOG ] INIT File
[ sql ] [ DB ] CONNECT:[ UseTime:0.002304s ] mysql:host=127.0.0.1;dbname=gdms;charset=utf8
[ sql ] [ SQL ] SHOW COLUMNS FROM `gdms_user` [ RunTime:0.013996s ]
[ sql ] [ SQL ] SHOW COLUMNS FROM `gdms_article` [ RunTime:0.012527s ]
[ sql ] [ SQL ] SELECT * FROM `gdms_article` WHERE  `teacher_id` = 2  AND `student_id` > 0 ORDER BY update_time desc [ RunTime:0.000481s ]
[ sql ] [ SQL ] SELECT * FROM `gdms_user` WHERE  `user_id` IN (1,3) [ RunTime:0.000328s ]
[ sql ] [ SQL ] SHOW COLUMNS FROM `gdms_major_department` [ RunTime:0.012445s ]
[ sql ] [ SQL ] SELECT `name` FROM `gdms_major_department` WHERE  `id` = 1 LIMIT 1 [ RunTime:0.000279s ]
[ sql ] [ SQL ] SELECT `name` FROM `gdms_major_department` WHERE  `id` = 2 LIMIT 1 [ RunTime:0.000211s ]
---------------------------------------------------------------
[ 2018-06-27T09:21:42+08:00 ] 127.0.0.1 127.0.0.1 GET /teacher/schedule.html
[ info ] 127.0.0.1:1235/teacher/schedule.html [运行时间：0.084803s][吞吐率：11.79req/s] [内存消耗：2,033.27kb] [文件加载：50]
[ info ] [ LANG ] D:\phpStudy\PHPTutorial\WWW\gdms\thinkphp\lang\zh-cn.php
[ info ] [ ROUTE ] array (
  'type' => 'module',
  'module' => 
  array (
    0 => 'teacher',
    1 => 'Schedule',
    2 => 'schedule_list',
  ),
  'convert' => false,
)
[ info ] [ HEADER ] array (
  'cookie' => 'UM_distinctid=162ae6e6f5f3b8-0697f14b30f5f-3a614f0b-1fa400-162ae6e6f613bd; CNZZDATA1264021086=1580631447-1523340068-%7C1523340068; admin_username=admin; XSRF-TOKEN=eyJpdiI6IkNwYlJCUHpUeU52cWkxUGUxUW9NUGc9PSIsInZhbHVlIjoiZFBcL0EwOXhGa3hIbXRTNjFBeWFkVUc5bFlPUkZndkVVTzZyZDlBVGZ1blpkWGpSMnpzenA3V1dWUmZsM1N4czB4alBFQXhWcGdYWUYxMG8zdjBRbjJnPT0iLCJtYWMiOiIzNTI1N2IzNjI0ZTg3ZDE5OGY1NTVkNTMzNjYxMWE2NWNmOTUxZGY4NWY1Y2RjYjY0YzVjZWM1NmUzN2YyMDkwIn0%3D; nodes_session=eyJpdiI6IlVyTFlObG9ucEtvQjdBaWVnT1Aycmc9PSIsInZhbHVlIjoicXdLWk1PMVRNNitrK2J1U3ZTUGlHYmdPNlFqZjhnSnRBbWhVYlVaaXRRSFdtdlR5YUpoTlVQd3hDdW1kdTVIdjhBY1BRWUp1M2Q0R01Kc0FWOXBidUE9PSIsIm1hYyI6IjRlNDY3MWY0NDIzYWI4NWIwYTRmZWU5OGI3OTY5ZDU2Y2M1MjYyMjdhMzhlNDk4ZDA5MDllZmRlYTNlMzY3MjUifQ%3D%3D; PHPSESSID=2gbagv7n5jhk9nb8v241r7scmr',
  'accept-language' => 'zh-CN,zh;q=0.9',
  'accept-encoding' => 'gzip, deflate, br',
  'referer' => 'http://127.0.0.1:1235/teacher/schedule.html',
  'accept' => 'text/html,application/xhtml+xml,application/xml;q=0.9,image/webp,image/apng,*/*;q=0.8',
  'user-agent' => 'Mozilla/5.0 (Windows NT 10.0; WOW64) AppleWebKit/537.36 (KHTML, like Gecko) Chrome/65.0.3325.181 Safari/537.36',
  'upgrade-insecure-requests' => '1',
  'connection' => 'close',
  'host' => '127.0.0.1:1235',
)
[ info ] [ PARAM ] array (
  '/teacher/schedule_html' => '',
)
[ info ] [ SESSION ] INIT array (
  'id' => '',
  'var_session_id' => '',
  'prefix' => 'think',
  'type' => '',
  'auto_start' => true,
)
[ info ] [ RUN ] app\teacher\controller\Schedule->schedule_list[ D:\phpStudy\PHPTutorial\WWW\gdms\application\teacher\controller\Schedule.php ]
[ info ] [ DB ] INIT mysql
[ info ] [ VIEW ] D:\phpStudy\PHPTutorial\WWW\gdms\application/../template/teacher\schedule\schedule_list.html [ array (
  0 => 'user',
  1 => 'action',
  2 => 'controller',
  3 => 'article_list',
) ]
[ info ] [ LOG ] INIT File
[ sql ] [ DB ] CONNECT:[ UseTime:0.011241s ] mysql:host=127.0.0.1;dbname=gdms;charset=utf8
[ sql ] [ SQL ] SHOW COLUMNS FROM `gdms_user` [ RunTime:0.014447s ]
[ sql ] [ SQL ] SHOW COLUMNS FROM `gdms_article` [ RunTime:0.013784s ]
[ sql ] [ SQL ] SELECT * FROM `gdms_article` WHERE  `teacher_id` = 2  AND `student_id` > 0 ORDER BY update_time desc [ RunTime:0.000462s ]
[ sql ] [ SQL ] SELECT * FROM `gdms_user` WHERE  `user_id` IN (1,3) [ RunTime:0.000377s ]
[ sql ] [ SQL ] SHOW COLUMNS FROM `gdms_major_department` [ RunTime:0.014196s ]
[ sql ] [ SQL ] SELECT `name` FROM `gdms_major_department` WHERE  `id` = 1 LIMIT 1 [ RunTime:0.000376s ]
[ sql ] [ SQL ] SELECT `name` FROM `gdms_major_department` WHERE  `id` = 2 LIMIT 1 [ RunTime:0.000350s ]
---------------------------------------------------------------
[ 2018-06-27T09:22:01+08:00 ] 127.0.0.1 127.0.0.1 GET /teacher/student_list.html
[ info ] 127.0.0.1:1235/teacher/student_list.html [运行时间：0.084985s][吞吐率：11.77req/s] [内存消耗：1,909.00kb] [文件加载：46]
[ info ] [ LANG ] D:\phpStudy\PHPTutorial\WWW\gdms\thinkphp\lang\zh-cn.php
[ info ] [ ROUTE ] array (
  'type' => 'module',
  'module' => 
  array (
    0 => 'teacher',
    1 => 'User',
    2 => 'student_list',
  ),
  'convert' => false,
)
[ info ] [ HEADER ] array (
  'cookie' => 'UM_distinctid=162ae6e6f5f3b8-0697f14b30f5f-3a614f0b-1fa400-162ae6e6f613bd; CNZZDATA1264021086=1580631447-1523340068-%7C1523340068; admin_username=admin; XSRF-TOKEN=eyJpdiI6IkNwYlJCUHpUeU52cWkxUGUxUW9NUGc9PSIsInZhbHVlIjoiZFBcL0EwOXhGa3hIbXRTNjFBeWFkVUc5bFlPUkZndkVVTzZyZDlBVGZ1blpkWGpSMnpzenA3V1dWUmZsM1N4czB4alBFQXhWcGdYWUYxMG8zdjBRbjJnPT0iLCJtYWMiOiIzNTI1N2IzNjI0ZTg3ZDE5OGY1NTVkNTMzNjYxMWE2NWNmOTUxZGY4NWY1Y2RjYjY0YzVjZWM1NmUzN2YyMDkwIn0%3D; nodes_session=eyJpdiI6IlVyTFlObG9ucEtvQjdBaWVnT1Aycmc9PSIsInZhbHVlIjoicXdLWk1PMVRNNitrK2J1U3ZTUGlHYmdPNlFqZjhnSnRBbWhVYlVaaXRRSFdtdlR5YUpoTlVQd3hDdW1kdTVIdjhBY1BRWUp1M2Q0R01Kc0FWOXBidUE9PSIsIm1hYyI6IjRlNDY3MWY0NDIzYWI4NWIwYTRmZWU5OGI3OTY5ZDU2Y2M1MjYyMjdhMzhlNDk4ZDA5MDllZmRlYTNlMzY3MjUifQ%3D%3D; PHPSESSID=2gbagv7n5jhk9nb8v241r7scmr',
  'accept-language' => 'zh-CN,zh;q=0.9',
  'accept-encoding' => 'gzip, deflate, br',
  'referer' => 'http://127.0.0.1:1235/teacher/schedule.html',
  'accept' => 'text/html,application/xhtml+xml,application/xml;q=0.9,image/webp,image/apng,*/*;q=0.8',
  'user-agent' => 'Mozilla/5.0 (Windows NT 10.0; WOW64) AppleWebKit/537.36 (KHTML, like Gecko) Chrome/65.0.3325.181 Safari/537.36',
  'upgrade-insecure-requests' => '1',
  'connection' => 'close',
  'host' => '127.0.0.1:1235',
)
[ info ] [ PARAM ] array (
  '/teacher/student_list_html' => '',
)
[ info ] [ SESSION ] INIT array (
  'id' => '',
  'var_session_id' => '',
  'prefix' => 'think',
  'type' => '',
  'auto_start' => true,
)
[ info ] [ RUN ] app\teacher\controller\User->student_list[ D:\phpStudy\PHPTutorial\WWW\gdms\application\teacher\controller\User.php ]
[ info ] [ DB ] INIT mysql
[ info ] [ VIEW ] D:\phpStudy\PHPTutorial\WWW\gdms\application/../template/teacher\user\student_list.html [ array (
  0 => 'user',
  1 => 'action',
  2 => 'controller',
  3 => 'student_list',
) ]
[ info ] [ LOG ] INIT File
[ sql ] [ DB ] CONNECT:[ UseTime:0.010939s ] mysql:host=127.0.0.1;dbname=gdms;charset=utf8
[ sql ] [ SQL ] SHOW COLUMNS FROM `gdms_article` [ RunTime:0.013056s ]
[ sql ] [ SQL ] SELECT `student_id` FROM `gdms_article` WHERE  `teacher_id` = 2  AND `student_id` <> 0 [ RunTime:0.000385s ]
[ sql ] [ SQL ] SHOW COLUMNS FROM `gdms_user` [ RunTime:0.012094s ]
[ sql ] [ SQL ] SELECT * FROM `gdms_user` WHERE  `user_id` IN (3,1) ORDER BY `user_id` [ RunTime:0.000366s ]
[ sql ] [ SQL ] SHOW COLUMNS FROM `gdms_major_department` [ RunTime:0.012660s ]
[ sql ] [ SQL ] SELECT `name` FROM `gdms_major_department` WHERE  `id` = 1 LIMIT 1 [ RunTime:0.000234s ]
[ sql ] [ SQL ] SELECT `name` FROM `gdms_major_department` WHERE  `id` = 2 LIMIT 1 [ RunTime:0.000254s ]
---------------------------------------------------------------
[ 2018-06-27T09:22:03+08:00 ] 127.0.0.1 127.0.0.1 GET /teacher/schedule.html
[ info ] 127.0.0.1:1235/teacher/schedule.html [运行时间：0.079778s][吞吐率：12.53req/s] [内存消耗：2,033.27kb] [文件加载：50]
[ info ] [ LANG ] D:\phpStudy\PHPTutorial\WWW\gdms\thinkphp\lang\zh-cn.php
[ info ] [ ROUTE ] array (
  'type' => 'module',
  'module' => 
  array (
    0 => 'teacher',
    1 => 'Schedule',
    2 => 'schedule_list',
  ),
  'convert' => false,
)
[ info ] [ HEADER ] array (
  'cookie' => 'UM_distinctid=162ae6e6f5f3b8-0697f14b30f5f-3a614f0b-1fa400-162ae6e6f613bd; CNZZDATA1264021086=1580631447-1523340068-%7C1523340068; admin_username=admin; XSRF-TOKEN=eyJpdiI6IkNwYlJCUHpUeU52cWkxUGUxUW9NUGc9PSIsInZhbHVlIjoiZFBcL0EwOXhGa3hIbXRTNjFBeWFkVUc5bFlPUkZndkVVTzZyZDlBVGZ1blpkWGpSMnpzenA3V1dWUmZsM1N4czB4alBFQXhWcGdYWUYxMG8zdjBRbjJnPT0iLCJtYWMiOiIzNTI1N2IzNjI0ZTg3ZDE5OGY1NTVkNTMzNjYxMWE2NWNmOTUxZGY4NWY1Y2RjYjY0YzVjZWM1NmUzN2YyMDkwIn0%3D; nodes_session=eyJpdiI6IlVyTFlObG9ucEtvQjdBaWVnT1Aycmc9PSIsInZhbHVlIjoicXdLWk1PMVRNNitrK2J1U3ZTUGlHYmdPNlFqZjhnSnRBbWhVYlVaaXRRSFdtdlR5YUpoTlVQd3hDdW1kdTVIdjhBY1BRWUp1M2Q0R01Kc0FWOXBidUE9PSIsIm1hYyI6IjRlNDY3MWY0NDIzYWI4NWIwYTRmZWU5OGI3OTY5ZDU2Y2M1MjYyMjdhMzhlNDk4ZDA5MDllZmRlYTNlMzY3MjUifQ%3D%3D; PHPSESSID=2gbagv7n5jhk9nb8v241r7scmr',
  'accept-language' => 'zh-CN,zh;q=0.9',
  'accept-encoding' => 'gzip, deflate, br',
  'referer' => 'http://127.0.0.1:1235/teacher/student_list.html',
  'accept' => 'text/html,application/xhtml+xml,application/xml;q=0.9,image/webp,image/apng,*/*;q=0.8',
  'user-agent' => 'Mozilla/5.0 (Windows NT 10.0; WOW64) AppleWebKit/537.36 (KHTML, like Gecko) Chrome/65.0.3325.181 Safari/537.36',
  'upgrade-insecure-requests' => '1',
  'connection' => 'close',
  'host' => '127.0.0.1:1235',
)
[ info ] [ PARAM ] array (
  '/teacher/schedule_html' => '',
)
[ info ] [ SESSION ] INIT array (
  'id' => '',
  'var_session_id' => '',
  'prefix' => 'think',
  'type' => '',
  'auto_start' => true,
)
[ info ] [ RUN ] app\teacher\controller\Schedule->schedule_list[ D:\phpStudy\PHPTutorial\WWW\gdms\application\teacher\controller\Schedule.php ]
[ info ] [ DB ] INIT mysql
[ info ] [ VIEW ] D:\phpStudy\PHPTutorial\WWW\gdms\application/../template/teacher\schedule\schedule_list.html [ array (
  0 => 'user',
  1 => 'action',
  2 => 'controller',
  3 => 'article_list',
) ]
[ info ] [ LOG ] INIT File
[ sql ] [ DB ] CONNECT:[ UseTime:0.011481s ] mysql:host=127.0.0.1;dbname=gdms;charset=utf8
[ sql ] [ SQL ] SHOW COLUMNS FROM `gdms_user` [ RunTime:0.012928s ]
[ sql ] [ SQL ] SHOW COLUMNS FROM `gdms_article` [ RunTime:0.012445s ]
[ sql ] [ SQL ] SELECT * FROM `gdms_article` WHERE  `teacher_id` = 2  AND `student_id` > 0 ORDER BY update_time desc [ RunTime:0.000486s ]
[ sql ] [ SQL ] SELECT * FROM `gdms_user` WHERE  `user_id` IN (1,3) [ RunTime:0.000368s ]
[ sql ] [ SQL ] SHOW COLUMNS FROM `gdms_major_department` [ RunTime:0.012330s ]
[ sql ] [ SQL ] SELECT `name` FROM `gdms_major_department` WHERE  `id` = 1 LIMIT 1 [ RunTime:0.000278s ]
[ sql ] [ SQL ] SELECT `name` FROM `gdms_major_department` WHERE  `id` = 2 LIMIT 1 [ RunTime:0.000257s ]
---------------------------------------------------------------
[ 2018-06-27T09:22:04+08:00 ] 127.0.0.1 127.0.0.1 GET /teacher/student_list.html
[ info ] 127.0.0.1:1235/teacher/student_list.html [运行时间：0.083511s][吞吐率：11.97req/s] [内存消耗：1,783.98kb] [文件加载：44]
[ info ] [ LANG ] D:\phpStudy\PHPTutorial\WWW\gdms\thinkphp\lang\zh-cn.php
[ info ] [ ROUTE ] array (
  'type' => 'module',
  'module' => 
  array (
    0 => 'teacher',
    1 => 'User',
    2 => 'student_list',
  ),
  'convert' => false,
)
[ info ] [ HEADER ] array (
  'cookie' => 'UM_distinctid=162ae6e6f5f3b8-0697f14b30f5f-3a614f0b-1fa400-162ae6e6f613bd; CNZZDATA1264021086=1580631447-1523340068-%7C1523340068; admin_username=admin; XSRF-TOKEN=eyJpdiI6IkNwYlJCUHpUeU52cWkxUGUxUW9NUGc9PSIsInZhbHVlIjoiZFBcL0EwOXhGa3hIbXRTNjFBeWFkVUc5bFlPUkZndkVVTzZyZDlBVGZ1blpkWGpSMnpzenA3V1dWUmZsM1N4czB4alBFQXhWcGdYWUYxMG8zdjBRbjJnPT0iLCJtYWMiOiIzNTI1N2IzNjI0ZTg3ZDE5OGY1NTVkNTMzNjYxMWE2NWNmOTUxZGY4NWY1Y2RjYjY0YzVjZWM1NmUzN2YyMDkwIn0%3D; nodes_session=eyJpdiI6IlVyTFlObG9ucEtvQjdBaWVnT1Aycmc9PSIsInZhbHVlIjoicXdLWk1PMVRNNitrK2J1U3ZTUGlHYmdPNlFqZjhnSnRBbWhVYlVaaXRRSFdtdlR5YUpoTlVQd3hDdW1kdTVIdjhBY1BRWUp1M2Q0R01Kc0FWOXBidUE9PSIsIm1hYyI6IjRlNDY3MWY0NDIzYWI4NWIwYTRmZWU5OGI3OTY5ZDU2Y2M1MjYyMjdhMzhlNDk4ZDA5MDllZmRlYTNlMzY3MjUifQ%3D%3D; PHPSESSID=2gbagv7n5jhk9nb8v241r7scmr',
  'accept-language' => 'zh-CN,zh;q=0.9',
  'accept-encoding' => 'gzip, deflate, br',
  'referer' => 'http://127.0.0.1:1235/teacher/schedule.html',
  'accept' => 'text/html,application/xhtml+xml,application/xml;q=0.9,image/webp,image/apng,*/*;q=0.8',
  'user-agent' => 'Mozilla/5.0 (Windows NT 10.0; WOW64) AppleWebKit/537.36 (KHTML, like Gecko) Chrome/65.0.3325.181 Safari/537.36',
  'upgrade-insecure-requests' => '1',
  'connection' => 'close',
  'host' => '127.0.0.1:1235',
)
[ info ] [ PARAM ] array (
  '/teacher/student_list_html' => '',
)
[ info ] [ SESSION ] INIT array (
  'id' => '',
  'var_session_id' => '',
  'prefix' => 'think',
  'type' => '',
  'auto_start' => true,
)
[ info ] [ RUN ] app\teacher\controller\User->student_list[ D:\phpStudy\PHPTutorial\WWW\gdms\application\teacher\controller\User.php ]
[ info ] [ DB ] INIT mysql
[ info ] [ VIEW ] D:\phpStudy\PHPTutorial\WWW\gdms\application/../template/teacher\user\student_list.html [ array (
  0 => 'user',
  1 => 'action',
  2 => 'controller',
  3 => 'student_list',
) ]
[ info ] [ LOG ] INIT File
[ sql ] [ DB ] CONNECT:[ UseTime:0.011245s ] mysql:host=127.0.0.1;dbname=gdms;charset=utf8
[ sql ] [ SQL ] SHOW COLUMNS FROM `gdms_article` [ RunTime:0.017102s ]
[ sql ] [ SQL ] SELECT `student_id` FROM `gdms_article` WHERE  `teacher_id` = 2  AND `student_id` <> 0 [ RunTime:0.000383s ]
[ sql ] [ SQL ] SHOW COLUMNS FROM `gdms_user` [ RunTime:0.015623s ]
[ sql ] [ SQL ] SELECT * FROM `gdms_user` WHERE  `user_id` IN (3,1) ORDER BY `user_id` [ RunTime:0.000434s ]
[ sql ] [ SQL ] SHOW COLUMNS FROM `gdms_major_department` [ RunTime:0.012260s ]
[ sql ] [ SQL ] SELECT `name` FROM `gdms_major_department` WHERE  `id` = 1 LIMIT 1 [ RunTime:0.000361s ]
[ sql ] [ SQL ] SELECT `name` FROM `gdms_major_department` WHERE  `id` = 2 LIMIT 1 [ RunTime:0.000297s ]
---------------------------------------------------------------
[ 2018-06-27T09:22:05+08:00 ] 127.0.0.1 127.0.0.1 GET /teacher/student_info/student_id/1.html
[ info ] 127.0.0.1:1235/teacher/student_info/student_id/1.html [运行时间：0.066315s][吞吐率：15.08req/s] [内存消耗：1,926.09kb] [文件加载：46]
[ info ] [ LANG ] D:\phpStudy\PHPTutorial\WWW\gdms\thinkphp\lang\zh-cn.php
[ info ] [ ROUTE ] array (
  'type' => 'module',
  'module' => 
  array (
    0 => 'teacher',
    1 => 'User',
    2 => 'info',
  ),
  'convert' => false,
)
[ info ] [ HEADER ] array (
  'cookie' => 'UM_distinctid=162ae6e6f5f3b8-0697f14b30f5f-3a614f0b-1fa400-162ae6e6f613bd; CNZZDATA1264021086=1580631447-1523340068-%7C1523340068; admin_username=admin; XSRF-TOKEN=eyJpdiI6IkNwYlJCUHpUeU52cWkxUGUxUW9NUGc9PSIsInZhbHVlIjoiZFBcL0EwOXhGa3hIbXRTNjFBeWFkVUc5bFlPUkZndkVVTzZyZDlBVGZ1blpkWGpSMnpzenA3V1dWUmZsM1N4czB4alBFQXhWcGdYWUYxMG8zdjBRbjJnPT0iLCJtYWMiOiIzNTI1N2IzNjI0ZTg3ZDE5OGY1NTVkNTMzNjYxMWE2NWNmOTUxZGY4NWY1Y2RjYjY0YzVjZWM1NmUzN2YyMDkwIn0%3D; nodes_session=eyJpdiI6IlVyTFlObG9ucEtvQjdBaWVnT1Aycmc9PSIsInZhbHVlIjoicXdLWk1PMVRNNitrK2J1U3ZTUGlHYmdPNlFqZjhnSnRBbWhVYlVaaXRRSFdtdlR5YUpoTlVQd3hDdW1kdTVIdjhBY1BRWUp1M2Q0R01Kc0FWOXBidUE9PSIsIm1hYyI6IjRlNDY3MWY0NDIzYWI4NWIwYTRmZWU5OGI3OTY5ZDU2Y2M1MjYyMjdhMzhlNDk4ZDA5MDllZmRlYTNlMzY3MjUifQ%3D%3D; PHPSESSID=2gbagv7n5jhk9nb8v241r7scmr',
  'accept-language' => 'zh-CN,zh;q=0.9',
  'accept-encoding' => 'gzip, deflate, br',
  'referer' => 'http://127.0.0.1:1235/teacher/student_list.html',
  'accept' => 'text/html,application/xhtml+xml,application/xml;q=0.9,image/webp,image/apng,*/*;q=0.8',
  'user-agent' => 'Mozilla/5.0 (Windows NT 10.0; WOW64) AppleWebKit/537.36 (KHTML, like Gecko) Chrome/65.0.3325.181 Safari/537.36',
  'upgrade-insecure-requests' => '1',
  'connection' => 'close',
  'host' => '127.0.0.1:1235',
)
[ info ] [ PARAM ] array (
  '/teacher/student_info/student_id/1_html' => '',
  'student_id' => '1',
)
[ info ] [ SESSION ] INIT array (
  'id' => '',
  'var_session_id' => '',
  'prefix' => 'think',
  'type' => '',
  'auto_start' => true,
)
[ info ] [ RUN ] app\teacher\controller\User->info[ D:\phpStudy\PHPTutorial\WWW\gdms\application\teacher\controller\User.php ]
[ info ] [ DB ] INIT mysql
[ info ] [ VIEW ] D:\phpStudy\PHPTutorial\WWW\gdms\application/../template/teacher\user\info.html [ array (
  0 => 'user',
  1 => 'action',
  2 => 'controller',
  3 => 'student',
) ]
[ info ] [ LOG ] INIT File
[ sql ] [ DB ] CONNECT:[ UseTime:0.011155s ] mysql:host=127.0.0.1;dbname=gdms;charset=utf8
[ sql ] [ SQL ] SHOW COLUMNS FROM `gdms_user` [ RunTime:0.012990s ]
[ sql ] [ SQL ] SELECT * FROM `gdms_user` WHERE  `user_id` = 1 LIMIT 1 [ RunTime:0.000428s ]
[ sql ] [ SQL ] SHOW COLUMNS FROM `gdms_major_department` [ RunTime:0.012173s ]
[ sql ] [ SQL ] SELECT `name` FROM `gdms_major_department` WHERE  `id` = 1 LIMIT 1 [ RunTime:0.000281s ]
[ sql ] [ SQL ] SELECT `name` FROM `gdms_major_department` WHERE  `id` = 2 LIMIT 1 [ RunTime:0.000204s ]
[ sql ] [ SQL ] SELECT `name` FROM `gdms_major_department` WHERE  `id` = 1 LIMIT 1 [ RunTime:0.000257s ]
[ sql ] [ SQL ] SELECT `name` FROM `gdms_major_department` WHERE  `id` = 2 LIMIT 1 [ RunTime:0.000255s ]
---------------------------------------------------------------
[ 2018-06-27T09:22:07+08:00 ] 127.0.0.1 127.0.0.1 GET /teacher/schedule.html
[ info ] 127.0.0.1:1235/teacher/schedule.html [运行时间：0.082608s][吞吐率：12.11req/s] [内存消耗：2,033.32kb] [文件加载：50]
[ info ] [ LANG ] D:\phpStudy\PHPTutorial\WWW\gdms\thinkphp\lang\zh-cn.php
[ info ] [ ROUTE ] array (
  'type' => 'module',
  'module' => 
  array (
    0 => 'teacher',
    1 => 'Schedule',
    2 => 'schedule_list',
  ),
  'convert' => false,
)
[ info ] [ HEADER ] array (
  'cookie' => 'UM_distinctid=162ae6e6f5f3b8-0697f14b30f5f-3a614f0b-1fa400-162ae6e6f613bd; CNZZDATA1264021086=1580631447-1523340068-%7C1523340068; admin_username=admin; XSRF-TOKEN=eyJpdiI6IkNwYlJCUHpUeU52cWkxUGUxUW9NUGc9PSIsInZhbHVlIjoiZFBcL0EwOXhGa3hIbXRTNjFBeWFkVUc5bFlPUkZndkVVTzZyZDlBVGZ1blpkWGpSMnpzenA3V1dWUmZsM1N4czB4alBFQXhWcGdYWUYxMG8zdjBRbjJnPT0iLCJtYWMiOiIzNTI1N2IzNjI0ZTg3ZDE5OGY1NTVkNTMzNjYxMWE2NWNmOTUxZGY4NWY1Y2RjYjY0YzVjZWM1NmUzN2YyMDkwIn0%3D; nodes_session=eyJpdiI6IlVyTFlObG9ucEtvQjdBaWVnT1Aycmc9PSIsInZhbHVlIjoicXdLWk1PMVRNNitrK2J1U3ZTUGlHYmdPNlFqZjhnSnRBbWhVYlVaaXRRSFdtdlR5YUpoTlVQd3hDdW1kdTVIdjhBY1BRWUp1M2Q0R01Kc0FWOXBidUE9PSIsIm1hYyI6IjRlNDY3MWY0NDIzYWI4NWIwYTRmZWU5OGI3OTY5ZDU2Y2M1MjYyMjdhMzhlNDk4ZDA5MDllZmRlYTNlMzY3MjUifQ%3D%3D; PHPSESSID=2gbagv7n5jhk9nb8v241r7scmr',
  'accept-language' => 'zh-CN,zh;q=0.9',
  'accept-encoding' => 'gzip, deflate, br',
  'referer' => 'http://127.0.0.1:1235/teacher/student_info/student_id/1.html',
  'accept' => 'text/html,application/xhtml+xml,application/xml;q=0.9,image/webp,image/apng,*/*;q=0.8',
  'user-agent' => 'Mozilla/5.0 (Windows NT 10.0; WOW64) AppleWebKit/537.36 (KHTML, like Gecko) Chrome/65.0.3325.181 Safari/537.36',
  'upgrade-insecure-requests' => '1',
  'connection' => 'close',
  'host' => '127.0.0.1:1235',
)
[ info ] [ PARAM ] array (
  '/teacher/schedule_html' => '',
)
[ info ] [ SESSION ] INIT array (
  'id' => '',
  'var_session_id' => '',
  'prefix' => 'think',
  'type' => '',
  'auto_start' => true,
)
[ info ] [ RUN ] app\teacher\controller\Schedule->schedule_list[ D:\phpStudy\PHPTutorial\WWW\gdms\application\teacher\controller\Schedule.php ]
[ info ] [ DB ] INIT mysql
[ info ] [ VIEW ] D:\phpStudy\PHPTutorial\WWW\gdms\application/../template/teacher\schedule\schedule_list.html [ array (
  0 => 'user',
  1 => 'action',
  2 => 'controller',
  3 => 'article_list',
) ]
[ info ] [ LOG ] INIT File
[ sql ] [ DB ] CONNECT:[ UseTime:0.010652s ] mysql:host=127.0.0.1;dbname=gdms;charset=utf8
[ sql ] [ SQL ] SHOW COLUMNS FROM `gdms_user` [ RunTime:0.012979s ]
[ sql ] [ SQL ] SHOW COLUMNS FROM `gdms_article` [ RunTime:0.016282s ]
[ sql ] [ SQL ] SELECT * FROM `gdms_article` WHERE  `teacher_id` = 2  AND `student_id` > 0 ORDER BY update_time desc [ RunTime:0.000431s ]
[ sql ] [ SQL ] SELECT * FROM `gdms_user` WHERE  `user_id` IN (1,3) [ RunTime:0.000310s ]
[ sql ] [ SQL ] SHOW COLUMNS FROM `gdms_major_department` [ RunTime:0.011916s ]
[ sql ] [ SQL ] SELECT `name` FROM `gdms_major_department` WHERE  `id` = 1 LIMIT 1 [ RunTime:0.000222s ]
[ sql ] [ SQL ] SELECT `name` FROM `gdms_major_department` WHERE  `id` = 2 LIMIT 1 [ RunTime:0.000286s ]
---------------------------------------------------------------
[ 2018-06-27T09:22:33+08:00 ] 127.0.0.1 127.0.0.1 GET /
[ info ] 127.0.0.1:1235/ [运行时间：0.029686s][吞吐率：33.69req/s] [内存消耗：1,127.58kb] [文件加载：35]
[ info ] [ LANG ] D:\phpStudy\PHPTutorial\WWW\gdms\thinkphp\lang\zh-cn.php
[ info ] [ ROUTE ] array (
  'type' => 'module',
  'module' => 
  array (
    0 => '',
    1 => NULL,
    2 => NULL,
  ),
)
[ info ] [ HEADER ] array (
  'cookie' => 'UM_distinctid=162ae6e6f5f3b8-0697f14b30f5f-3a614f0b-1fa400-162ae6e6f613bd; CNZZDATA1264021086=1580631447-1523340068-%7C1523340068; admin_username=admin; XSRF-TOKEN=eyJpdiI6IkNwYlJCUHpUeU52cWkxUGUxUW9NUGc9PSIsInZhbHVlIjoiZFBcL0EwOXhGa3hIbXRTNjFBeWFkVUc5bFlPUkZndkVVTzZyZDlBVGZ1blpkWGpSMnpzenA3V1dWUmZsM1N4czB4alBFQXhWcGdYWUYxMG8zdjBRbjJnPT0iLCJtYWMiOiIzNTI1N2IzNjI0ZTg3ZDE5OGY1NTVkNTMzNjYxMWE2NWNmOTUxZGY4NWY1Y2RjYjY0YzVjZWM1NmUzN2YyMDkwIn0%3D; nodes_session=eyJpdiI6IlVyTFlObG9ucEtvQjdBaWVnT1Aycmc9PSIsInZhbHVlIjoicXdLWk1PMVRNNitrK2J1U3ZTUGlHYmdPNlFqZjhnSnRBbWhVYlVaaXRRSFdtdlR5YUpoTlVQd3hDdW1kdTVIdjhBY1BRWUp1M2Q0R01Kc0FWOXBidUE9PSIsIm1hYyI6IjRlNDY3MWY0NDIzYWI4NWIwYTRmZWU5OGI3OTY5ZDU2Y2M1MjYyMjdhMzhlNDk4ZDA5MDllZmRlYTNlMzY3MjUifQ%3D%3D; PHPSESSID=2gbagv7n5jhk9nb8v241r7scmr',
  'accept-language' => 'zh-CN,zh;q=0.9',
  'accept-encoding' => 'gzip, deflate, br',
  'accept' => 'text/html,application/xhtml+xml,application/xml;q=0.9,image/webp,image/apng,*/*;q=0.8',
  'user-agent' => 'Mozilla/5.0 (Windows NT 10.0; WOW64) AppleWebKit/537.36 (KHTML, like Gecko) Chrome/65.0.3325.181 Safari/537.36',
  'upgrade-insecure-requests' => '1',
  'connection' => 'close',
  'host' => '127.0.0.1:1235',
)
[ info ] [ PARAM ] array (
)
[ info ] [ RUN ] app\student\controller\Login->index[ D:\phpStudy\PHPTutorial\WWW\gdms\application\student\controller\Login.php ]
[ info ] [ SESSION ] INIT array (
  'id' => '',
  'var_session_id' => '',
  'prefix' => 'think',
  'type' => '',
  'auto_start' => true,
)
[ info ] [ VIEW ] D:\phpStudy\PHPTutorial\WWW\gdms\application/../template/student\login\index.html [ array (
  0 => 'action',
  1 => 'controller',
) ]
[ info ] [ LOG ] INIT File
---------------------------------------------------------------
[ 2018-06-27T09:22:38+08:00 ] 127.0.0.1 127.0.0.1 POST /student/do_login
[ info ] 127.0.0.1:1235/student/do_login [运行时间：0.052871s][吞吐率：18.91req/s] [内存消耗：1,720.66kb] [文件加载：43]
[ info ] [ LANG ] D:\phpStudy\PHPTutorial\WWW\gdms\thinkphp\lang\zh-cn.php
[ info ] [ ROUTE ] array (
  'type' => 'module',
  'module' => 
  array (
    0 => 'student',
    1 => 'Login',
    2 => 'do_login',
  ),
  'convert' => false,
)
[ info ] [ HEADER ] array (
  'cookie' => 'UM_distinctid=162ae6e6f5f3b8-0697f14b30f5f-3a614f0b-1fa400-162ae6e6f613bd; CNZZDATA1264021086=1580631447-1523340068-%7C1523340068; admin_username=admin; XSRF-TOKEN=eyJpdiI6IkNwYlJCUHpUeU52cWkxUGUxUW9NUGc9PSIsInZhbHVlIjoiZFBcL0EwOXhGa3hIbXRTNjFBeWFkVUc5bFlPUkZndkVVTzZyZDlBVGZ1blpkWGpSMnpzenA3V1dWUmZsM1N4czB4alBFQXhWcGdYWUYxMG8zdjBRbjJnPT0iLCJtYWMiOiIzNTI1N2IzNjI0ZTg3ZDE5OGY1NTVkNTMzNjYxMWE2NWNmOTUxZGY4NWY1Y2RjYjY0YzVjZWM1NmUzN2YyMDkwIn0%3D; nodes_session=eyJpdiI6IlVyTFlObG9ucEtvQjdBaWVnT1Aycmc9PSIsInZhbHVlIjoicXdLWk1PMVRNNitrK2J1U3ZTUGlHYmdPNlFqZjhnSnRBbWhVYlVaaXRRSFdtdlR5YUpoTlVQd3hDdW1kdTVIdjhBY1BRWUp1M2Q0R01Kc0FWOXBidUE9PSIsIm1hYyI6IjRlNDY3MWY0NDIzYWI4NWIwYTRmZWU5OGI3OTY5ZDU2Y2M1MjYyMjdhMzhlNDk4ZDA5MDllZmRlYTNlMzY3MjUifQ%3D%3D; PHPSESSID=2gbagv7n5jhk9nb8v241r7scmr',
  'accept-language' => 'zh-CN,zh;q=0.9',
  'accept-encoding' => 'gzip, deflate, br',
  'referer' => 'http://127.0.0.1:1235/',
  'accept' => 'text/html,application/xhtml+xml,application/xml;q=0.9,image/webp,image/apng,*/*;q=0.8',
  'user-agent' => 'Mozilla/5.0 (Windows NT 10.0; WOW64) AppleWebKit/537.36 (KHTML, like Gecko) Chrome/65.0.3325.181 Safari/537.36',
  'content-type' => 'application/x-www-form-urlencoded',
  'upgrade-insecure-requests' => '1',
  'origin' => 'http://127.0.0.1:1235',
  'cache-control' => 'max-age=0',
  'content-length' => '33',
  'connection' => 'close',
  'host' => '127.0.0.1:1235',
)
[ info ] [ PARAM ] array (
  '/student/do_login' => '',
  'number' => '1444444444',
  'password' => '215405',
)
[ info ] [ RUN ] app\student\controller\Login->do_login[ D:\phpStudy\PHPTutorial\WWW\gdms\application\student\controller\Login.php ]
[ info ] [ DB ] INIT mysql
[ info ] [ SESSION ] INIT array (
  'id' => '',
  'var_session_id' => '',
  'prefix' => 'think',
  'type' => '',
  'auto_start' => true,
)
[ info ] [ LOG ] INIT File
[ sql ] [ DB ] CONNECT:[ UseTime:0.011769s ] mysql:host=127.0.0.1;dbname=gdms;charset=utf8
[ sql ] [ SQL ] SHOW COLUMNS FROM `gdms_user` [ RunTime:0.013805s ]
[ sql ] [ SQL ] SELECT * FROM `gdms_user` WHERE  `number` = 1444444444 LIMIT 1 [ RunTime:0.000428s ]
---------------------------------------------------------------
[ 2018-06-27T09:22:38+08:00 ] 127.0.0.1 127.0.0.1 GET /student/index
[ info ] 127.0.0.1:1235/student/index [运行时间：0.102841s][吞吐率：9.72req/s] [内存消耗：1,856.05kb] [文件加载：47]
[ info ] [ LANG ] D:\phpStudy\PHPTutorial\WWW\gdms\thinkphp\lang\zh-cn.php
[ info ] [ ROUTE ] array (
  'type' => 'module',
  'module' => 
  array (
    0 => 'student',
    1 => 'Index',
    2 => 'index',
  ),
  'convert' => false,
)
[ info ] [ HEADER ] array (
  'cookie' => 'UM_distinctid=162ae6e6f5f3b8-0697f14b30f5f-3a614f0b-1fa400-162ae6e6f613bd; CNZZDATA1264021086=1580631447-1523340068-%7C1523340068; admin_username=admin; XSRF-TOKEN=eyJpdiI6IkNwYlJCUHpUeU52cWkxUGUxUW9NUGc9PSIsInZhbHVlIjoiZFBcL0EwOXhGa3hIbXRTNjFBeWFkVUc5bFlPUkZndkVVTzZyZDlBVGZ1blpkWGpSMnpzenA3V1dWUmZsM1N4czB4alBFQXhWcGdYWUYxMG8zdjBRbjJnPT0iLCJtYWMiOiIzNTI1N2IzNjI0ZTg3ZDE5OGY1NTVkNTMzNjYxMWE2NWNmOTUxZGY4NWY1Y2RjYjY0YzVjZWM1NmUzN2YyMDkwIn0%3D; nodes_session=eyJpdiI6IlVyTFlObG9ucEtvQjdBaWVnT1Aycmc9PSIsInZhbHVlIjoicXdLWk1PMVRNNitrK2J1U3ZTUGlHYmdPNlFqZjhnSnRBbWhVYlVaaXRRSFdtdlR5YUpoTlVQd3hDdW1kdTVIdjhBY1BRWUp1M2Q0R01Kc0FWOXBidUE9PSIsIm1hYyI6IjRlNDY3MWY0NDIzYWI4NWIwYTRmZWU5OGI3OTY5ZDU2Y2M1MjYyMjdhMzhlNDk4ZDA5MDllZmRlYTNlMzY3MjUifQ%3D%3D; PHPSESSID=2gbagv7n5jhk9nb8v241r7scmr',
  'accept-language' => 'zh-CN,zh;q=0.9',
  'accept-encoding' => 'gzip, deflate, br',
  'referer' => 'http://127.0.0.1:1235/',
  'accept' => 'text/html,application/xhtml+xml,application/xml;q=0.9,image/webp,image/apng,*/*;q=0.8',
  'user-agent' => 'Mozilla/5.0 (Windows NT 10.0; WOW64) AppleWebKit/537.36 (KHTML, like Gecko) Chrome/65.0.3325.181 Safari/537.36',
  'upgrade-insecure-requests' => '1',
  'cache-control' => 'max-age=0',
  'connection' => 'close',
  'host' => '127.0.0.1:1235',
)
[ info ] [ PARAM ] array (
  '/student/index' => '',
)
[ info ] [ SESSION ] INIT array (
  'id' => '',
  'var_session_id' => '',
  'prefix' => 'think',
  'type' => '',
  'auto_start' => true,
)
[ info ] [ DB ] INIT mysql
[ info ] [ RUN ] app\student\controller\Index->index[ D:\phpStudy\PHPTutorial\WWW\gdms\application\student\controller\Index.php ]
[ info ] [ VIEW ] D:\phpStudy\PHPTutorial\WWW\gdms\application/../template/student\index\index.html [ array (
  0 => 'user',
  1 => 'action',
  2 => 'controller',
  3 => 'notice_list',
  4 => 'teacher',
  5 => 'page',
) ]
[ info ] [ LOG ] INIT File
[ sql ] [ DB ] CONNECT:[ UseTime:0.011140s ] mysql:host=127.0.0.1;dbname=gdms;charset=utf8
[ sql ] [ SQL ] SHOW COLUMNS FROM `gdms_user` [ RunTime:0.014745s ]
[ sql ] [ SQL ] SELECT * FROM `gdms_user` WHERE  `user_id` = 1 LIMIT 1 [ RunTime:0.000356s ]
[ sql ] [ SQL ] SHOW COLUMNS FROM `gdms_article` [ RunTime:0.014532s ]
[ sql ] [ SQL ] SELECT `teacher_id` FROM `gdms_article` WHERE  `student_id` = 1 LIMIT 1 [ RunTime:0.000285s ]
[ sql ] [ SQL ] SELECT * FROM `gdms_user` WHERE  `user_id` = 2 LIMIT 1 [ RunTime:0.000318s ]
[ sql ] [ SQL ] SHOW COLUMNS FROM `gdms_notice` [ RunTime:0.015676s ]
[ sql ] [ SQL ] SELECT COUNT(*) AS tp_count FROM `gdms_notice` WHERE  `user_id` = 2 LIMIT 1 [ RunTime:0.000734s ]
[ sql ] [ SQL ] SELECT * FROM `gdms_notice` WHERE  `user_id` = 2 ORDER BY update_time desc LIMIT 0,10 [ RunTime:0.000392s ]
[ sql ] [ SQL ] SHOW COLUMNS FROM `gdms_major_department` [ RunTime:0.013601s ]
[ sql ] [ SQL ] SELECT `name` FROM `gdms_major_department` WHERE  `id` = 1 LIMIT 1 [ RunTime:0.000357s ]
[ sql ] [ SQL ] SELECT `name` FROM `gdms_major_department` WHERE  `id` = 2 LIMIT 1 [ RunTime:0.000295s ]
---------------------------------------------------------------
[ 2018-06-27T09:22:41+08:00 ] 127.0.0.1 127.0.0.1 GET /student/student_article.html
[ info ] 127.0.0.1:1235/student/student_article.html [运行时间：0.113808s][吞吐率：8.79req/s] [内存消耗：1,806.09kb] [文件加载：44]
[ info ] [ LANG ] D:\phpStudy\PHPTutorial\WWW\gdms\thinkphp\lang\zh-cn.php
[ info ] [ ROUTE ] array (
  'type' => 'module',
  'module' => 
  array (
    0 => 'student',
    1 => 'Article',
    2 => 'student_article',
  ),
  'convert' => false,
)
[ info ] [ HEADER ] array (
  'cookie' => 'UM_distinctid=162ae6e6f5f3b8-0697f14b30f5f-3a614f0b-1fa400-162ae6e6f613bd; CNZZDATA1264021086=1580631447-1523340068-%7C1523340068; admin_username=admin; XSRF-TOKEN=eyJpdiI6IkNwYlJCUHpUeU52cWkxUGUxUW9NUGc9PSIsInZhbHVlIjoiZFBcL0EwOXhGa3hIbXRTNjFBeWFkVUc5bFlPUkZndkVVTzZyZDlBVGZ1blpkWGpSMnpzenA3V1dWUmZsM1N4czB4alBFQXhWcGdYWUYxMG8zdjBRbjJnPT0iLCJtYWMiOiIzNTI1N2IzNjI0ZTg3ZDE5OGY1NTVkNTMzNjYxMWE2NWNmOTUxZGY4NWY1Y2RjYjY0YzVjZWM1NmUzN2YyMDkwIn0%3D; nodes_session=eyJpdiI6IlVyTFlObG9ucEtvQjdBaWVnT1Aycmc9PSIsInZhbHVlIjoicXdLWk1PMVRNNitrK2J1U3ZTUGlHYmdPNlFqZjhnSnRBbWhVYlVaaXRRSFdtdlR5YUpoTlVQd3hDdW1kdTVIdjhBY1BRWUp1M2Q0R01Kc0FWOXBidUE9PSIsIm1hYyI6IjRlNDY3MWY0NDIzYWI4NWIwYTRmZWU5OGI3OTY5ZDU2Y2M1MjYyMjdhMzhlNDk4ZDA5MDllZmRlYTNlMzY3MjUifQ%3D%3D; PHPSESSID=2gbagv7n5jhk9nb8v241r7scmr',
  'accept-language' => 'zh-CN,zh;q=0.9',
  'accept-encoding' => 'gzip, deflate, br',
  'referer' => 'http://127.0.0.1:1235/student/index',
  'accept' => 'text/html,application/xhtml+xml,application/xml;q=0.9,image/webp,image/apng,*/*;q=0.8',
  'user-agent' => 'Mozilla/5.0 (Windows NT 10.0; WOW64) AppleWebKit/537.36 (KHTML, like Gecko) Chrome/65.0.3325.181 Safari/537.36',
  'upgrade-insecure-requests' => '1',
  'connection' => 'close',
  'host' => '127.0.0.1:1235',
)
[ info ] [ PARAM ] array (
  '/student/student_article_html' => '',
)
[ info ] [ SESSION ] INIT array (
  'id' => '',
  'var_session_id' => '',
  'prefix' => 'think',
  'type' => '',
  'auto_start' => true,
)
[ info ] [ DB ] INIT mysql
[ info ] [ RUN ] app\student\controller\Article->student_article[ D:\phpStudy\PHPTutorial\WWW\gdms\application\student\controller\Article.php ]
[ info ] [ VIEW ] D:\phpStudy\PHPTutorial\WWW\gdms\application/../template/student\article\student_article.html [ array (
  0 => 'user',
  1 => 'action',
  2 => 'controller',
  3 => 'teacher',
  4 => 'article',
  5 => 'schedule',
  6 => 'category',
) ]
[ info ] [ LOG ] INIT File
[ sql ] [ DB ] CONNECT:[ UseTime:0.011425s ] mysql:host=127.0.0.1;dbname=gdms;charset=utf8
[ sql ] [ SQL ] SHOW COLUMNS FROM `gdms_user` [ RunTime:0.015064s ]
[ sql ] [ SQL ] SELECT * FROM `gdms_user` WHERE  `user_id` = 1 LIMIT 1 [ RunTime:0.000433s ]
[ sql ] [ SQL ] SHOW COLUMNS FROM `gdms_article` [ RunTime:0.013872s ]
[ sql ] [ SQL ] SELECT * FROM `gdms_article` WHERE  `student_id` = 1 LIMIT 1 [ RunTime:0.000389s ]
[ sql ] [ SQL ] SHOW COLUMNS FROM `gdms_category` [ RunTime:0.014994s ]
[ sql ] [ SQL ] SELECT * FROM `gdms_category` WHERE  `category_id` = 1 LIMIT 1 [ RunTime:0.000351s ]
[ sql ] [ SQL ] SHOW COLUMNS FROM `gdms_schedule` [ RunTime:0.015028s ]
[ sql ] [ SQL ] SELECT * FROM `gdms_schedule` [ RunTime:0.000353s ]
[ sql ] [ SQL ] SELECT * FROM `gdms_user` WHERE  `user_id` = 2 LIMIT 1 [ RunTime:0.000364s ]
[ sql ] [ SQL ] SHOW COLUMNS FROM `gdms_major_department` [ RunTime:0.013616s ]
[ sql ] [ SQL ] SELECT `name` FROM `gdms_major_department` WHERE  `id` = 1 LIMIT 1 [ RunTime:0.000339s ]
[ sql ] [ SQL ] SELECT `name` FROM `gdms_major_department` WHERE  `id` = 2 LIMIT 1 [ RunTime:0.000286s ]
