---------------------------------------------------------------
[ 2018-05-15T09:33:54+08:00 ] 127.0.0.1 127.0.0.1 GET /
[ info ] 127.0.0.1:1235/ [运行时间：0.074932s][吞吐率：13.35req/s] [内存消耗：1,278.41kb] [文件加载：35]
[ info ] [ LANG ] D:\phpStudy\PHPTutorial\WWW\gdms\thinkphp\lang\zh-cn.php
[ info ] [ ROUTE ] array (
  'type' => 'module',
  'module' => 
  array (
    0 => '',
    1 => NULL,
    2 => NULL,
  ),
)
[ info ] [ HEADER ] array (
  'cookie' => 'UM_distinctid=162ae6e6f5f3b8-0697f14b30f5f-3a614f0b-1fa400-162ae6e6f613bd; CNZZDATA1264021086=1580631447-1523340068-%7C1523340068; admin_username=admin; thinkphp_show_page_trace=0|0; PHPSESSID=57qlf147f7rqo60kddqmue9l62; XSRF-TOKEN=eyJpdiI6IlFndlNURUU2RXpNdzdCY3lFR01oVEE9PSIsInZhbHVlIjoiU2s1ZGRTcjhpdmNZTjdlNzg4MnkzbHBBRk5qQXBEcHU0TmFVa3FRazVtMVpteTBQOXRhK01oT1wvdU16R2JBdlp2eVh2MzRyM0dVcmkrTWIzbVB1dUVBPT0iLCJtYWMiOiJjODI4NjEwOGE4ZmU0MTVkOTYxMzQ0N2Q3NTY1NTBlZDU3OWIzYjk2ZTIxOTc2ZmUxMjU1M2ZlYmQyNDdjNjViIn0%3D; laravel_session=eyJpdiI6IkZ3OU1NUUdTUmxBcUJWM2w5dU9KVEE9PSIsInZhbHVlIjoiZFwvYno4bXBvRFVDODN1cDRBZnBOVXJDZnhPNXg2QlF6VjJvM3lzaHhieEZod3ZGbElBMFpPb2x2Vnp3RHArZXN0c21tNE5OZm81NVRGMFwvencxeEkxQT09IiwibWFjIjoiZDU4YTg0ZjQ1MzNiYTNiZmY5MDVmMWRhMzU1Yjc5ZjY4ZjgxMGNhZWI4MTUwMDM3YWNmNDExNzRjOGJkYjYzNiJ9',
  'accept-language' => 'zh-CN,zh;q=0.9',
  'accept-encoding' => 'gzip, deflate, br',
  'accept' => 'text/html,application/xhtml+xml,application/xml;q=0.9,image/webp,image/apng,*/*;q=0.8',
  'user-agent' => 'Mozilla/5.0 (Windows NT 10.0; WOW64) AppleWebKit/537.36 (KHTML, like Gecko) Chrome/65.0.3325.181 Safari/537.36',
  'upgrade-insecure-requests' => '1',
  'connection' => 'close',
  'host' => '127.0.0.1:1235',
)
[ info ] [ PARAM ] array (
)
[ info ] [ RUN ] app\student\controller\Login->index[ D:\phpStudy\PHPTutorial\WWW\gdms\application\student\controller\Login.php ]
[ info ] [ SESSION ] INIT array (
  'id' => '',
  'var_session_id' => '',
  'prefix' => 'think',
  'type' => '',
  'auto_start' => true,
)
[ info ] [ VIEW ] D:\phpStudy\PHPTutorial\WWW\gdms\application/../template/student\login\index.html [ array (
  0 => 'action',
  1 => 'controller',
) ]
[ info ] [ LOG ] INIT File
---------------------------------------------------------------
[ 2018-05-15T14:51:43+08:00 ] 127.0.0.1 127.0.0.1 GET /
[ info ] 127.0.0.1:1235/ [运行时间：0.018022s][吞吐率：55.49req/s] [内存消耗：1,274.83kb] [文件加载：35]
[ info ] [ LANG ] D:\phpStudy\PHPTutorial\WWW\gdms\thinkphp\lang\zh-cn.php
[ info ] [ ROUTE ] array (
  'type' => 'module',
  'module' => 
  array (
    0 => '',
    1 => NULL,
    2 => NULL,
  ),
)
[ info ] [ HEADER ] array (
  'cookie' => 'UM_distinctid=162ae6e6f5f3b8-0697f14b30f5f-3a614f0b-1fa400-162ae6e6f613bd; CNZZDATA1264021086=1580631447-1523340068-%7C1523340068; admin_username=admin; thinkphp_show_page_trace=0|0; PHPSESSID=57qlf147f7rqo60kddqmue9l62',
  'accept-language' => 'zh-CN,zh;q=0.9',
  'accept-encoding' => 'gzip, deflate, br',
  'accept' => 'text/html,application/xhtml+xml,application/xml;q=0.9,image/webp,image/apng,*/*;q=0.8',
  'user-agent' => 'Mozilla/5.0 (Windows NT 10.0; WOW64) AppleWebKit/537.36 (KHTML, like Gecko) Chrome/65.0.3325.181 Safari/537.36',
  'upgrade-insecure-requests' => '1',
  'connection' => 'close',
  'host' => '127.0.0.1:1235',
)
[ info ] [ PARAM ] array (
)
[ info ] [ RUN ] app\student\controller\Login->index[ D:\phpStudy\PHPTutorial\WWW\gdms\application\student\controller\Login.php ]
[ info ] [ SESSION ] INIT array (
  'id' => '',
  'var_session_id' => '',
  'prefix' => 'think',
  'type' => '',
  'auto_start' => true,
)
[ info ] [ VIEW ] D:\phpStudy\PHPTutorial\WWW\gdms\application/../template/student\login\index.html [ array (
  0 => 'action',
  1 => 'controller',
) ]
[ info ] [ LOG ] INIT File
